INFO -- ::1 -- 2016-07-01T08:35:00+00:00 -- Enter Hybrid_Auth::initialize()
INFO -- ::1 -- 2016-07-01T08:35:00+00:00 -- Hybrid_Auth::initialize(). PHP version: 7.0.1
INFO -- ::1 -- 2016-07-01T08:35:00+00:00 -- Hybrid_Auth::initialize(). Hybrid_Auth version: 2.6.0
INFO -- ::1 -- 2016-07-01T08:35:00+00:00 -- Hybrid_Auth::initialize(). Hybrid_Auth called from: http://localhost/tlcom/dashboard
INFO -- ::1 -- 2016-07-01T08:35:00+00:00 -- PHP session.name diff from default PHPSESSID. http://php.net/manual/en/session.configuration.php#ini.session.name.
DEBUG -- ::1 -- 2016-07-01T08:35:00+00:00 -- Hybrid_Auth initialize. dump used config:  -- a:8:{s:8:"base_url";s:47:"http://localhost/tlcom/index.php/hauth/endpoint";s:9:"providers";a:10:{s:6:"OpenID";a:1:{s:7:"enabled";b:1;}s:5:"Yahoo";a:2:{s:7:"enabled";b:1;s:4:"keys";a:2:{s:2:"id";s:0:"";s:6:"secret";s:0:"";}}s:3:"AOL";a:1:{s:7:"enabled";b:1;}s:6:"Google";a:2:{s:7:"enabled";b:1;s:4:"keys";a:2:{s:2:"id";s:72:"827634131564-jshbhbb0gu9a5bj8a0c58n2qsdtmpbhp.apps.googleusercontent.com";s:6:"secret";s:24:"7ahyVursUX5BG3YTYOZ_Wsjn";}}s:8:"Facebook";a:2:{s:7:"enabled";b:1;s:4:"keys";a:2:{s:2:"id";s:15:"715618375246168";s:6:"secret";s:32:"176cfc7f1e2190ecdc38f041788baf29";}}s:7:"Twitter";a:2:{s:7:"enabled";b:1;s:4:"keys";a:2:{s:3:"key";s:25:"2HJ6Vw7xjn4AsgM4FS3oKAQe7";s:6:"secret";s:50:"K5bNQy93sc8grLBkd5VNd336sqLLnHtzbI7gJT4NHd9Og5ge5B";}}s:4:"Live";a:2:{s:7:"enabled";b:1;s:4:"keys";a:2:{s:2:"id";s:0:"";s:6:"secret";s:0:"";}}s:7:"MySpace";a:2:{s:7:"enabled";b:1;s:4:"keys";a:2:{s:3:"key";s:0:"";s:6:"secret";s:0:"";}}s:8:"LinkedIn";a:2:{s:7:"enabled";b:1;s:4:"keys";a:2:{s:3:"key";s:14:"752mjsq4ipxjfj";s:6:"secret";s:16:"72B1M6UQ2gGkXayD";}}s:10:"Foursquare";a:2:{s:7:"enabled";b:1;s:4:"keys";a:2:{s:2:"id";s:0:"";s:6:"secret";s:0:"";}}}s:10:"debug_mode";b:1;s:10:"debug_file";s:54:"D:\xampp\htdocs\tlcom\application\/logs/hybridauth.log";s:9:"path_base";s:64:"D:\xampp\htdocs\tlcom\application\third_party\hybridauth\Hybrid/";s:14:"path_libraries";s:75:"D:\xampp\htdocs\tlcom\application\third_party\hybridauth\Hybrid/thirdparty/";s:14:"path_resources";s:74:"D:\xampp\htdocs\tlcom\application\third_party\hybridauth\Hybrid/resources/";s:14:"path_providers";s:74:"D:\xampp\htdocs\tlcom\application\third_party\hybridauth\Hybrid/Providers/";}
DEBUG -- ::1 -- 2016-07-01T08:35:00+00:00 -- Hybrid_Auth initialize. dump current session:  -- a:2:{s:35:"hauth_session.facebook.is_logged_in";s:4:"i:1;";s:41:"hauth_session.facebook.token.access_token";s:192:"s:183:"EAAKK2eMNIVgBAD9hujJw8QnNCiJ2lLY5GY2eQSFS1jeXfmC0MlNKpGNItGOWd2RlbAMnReLm7Ru1gSUg05SCyLfoS4EYgRlFquNxwnKec3xYQp1QuGimbsZCpSU5wZBIH2YBZBXib8FYbHjaxnY0ffX8oPZAe4NZCt94NOe1AFd12YYS2fZBua";";}
INFO -- ::1 -- 2016-07-01T08:35:00+00:00 -- Hybrid_Auth initialize: check if any error is stored on the endpoint...
INFO -- ::1 -- 2016-07-01T08:35:00+00:00 -- Hybrid_Auth initialize: no error found. initialization succeed.
INFO -- ::1 -- 2016-07-04T08:41:21+00:00 -- Enter Hybrid_Auth::initialize()
INFO -- ::1 -- 2016-07-04T08:41:21+00:00 -- Hybrid_Auth::initialize(). PHP version: 5.6.21
INFO -- ::1 -- 2016-07-04T08:41:21+00:00 -- Hybrid_Auth::initialize(). Hybrid_Auth version: 2.6.0
INFO -- ::1 -- 2016-07-04T08:41:21+00:00 -- Hybrid_Auth::initialize(). Hybrid_Auth called from: http://localhost/tlcom/dashboard
INFO -- ::1 -- 2016-07-04T08:41:21+00:00 -- PHP session.name diff from default PHPSESSID. http://php.net/manual/en/session.configuration.php#ini.session.name.
DEBUG -- ::1 -- 2016-07-04T08:41:21+00:00 -- Hybrid_Auth initialize. dump used config:  -- a:8:{s:8:"base_url";s:47:"http://localhost/tlcom/index.php/hauth/endpoint";s:9:"providers";a:10:{s:6:"OpenID";a:1:{s:7:"enabled";b:1;}s:5:"Yahoo";a:2:{s:7:"enabled";b:1;s:4:"keys";a:2:{s:2:"id";s:0:"";s:6:"secret";s:0:"";}}s:3:"AOL";a:1:{s:7:"enabled";b:1;}s:6:"Google";a:2:{s:7:"enabled";b:1;s:4:"keys";a:2:{s:2:"id";s:72:"827634131564-jshbhbb0gu9a5bj8a0c58n2qsdtmpbhp.apps.googleusercontent.com";s:6:"secret";s:24:"7ahyVursUX5BG3YTYOZ_Wsjn";}}s:8:"Facebook";a:2:{s:7:"enabled";b:1;s:4:"keys";a:2:{s:2:"id";s:15:"715618375246168";s:6:"secret";s:32:"176cfc7f1e2190ecdc38f041788baf29";}}s:7:"Twitter";a:2:{s:7:"enabled";b:1;s:4:"keys";a:2:{s:3:"key";s:25:"2HJ6Vw7xjn4AsgM4FS3oKAQe7";s:6:"secret";s:50:"K5bNQy93sc8grLBkd5VNd336sqLLnHtzbI7gJT4NHd9Og5ge5B";}}s:4:"Live";a:2:{s:7:"enabled";b:1;s:4:"keys";a:2:{s:2:"id";s:0:"";s:6:"secret";s:0:"";}}s:7:"MySpace";a:2:{s:7:"enabled";b:1;s:4:"keys";a:2:{s:3:"key";s:0:"";s:6:"secret";s:0:"";}}s:8:"LinkedIn";a:2:{s:7:"enabled";b:1;s:4:"keys";a:2:{s:3:"key";s:14:"752mjsq4ipxjfj";s:6:"secret";s:16:"72B1M6UQ2gGkXayD";}}s:10:"Foursquare";a:2:{s:7:"enabled";b:1;s:4:"keys";a:2:{s:2:"id";s:0:"";s:6:"secret";s:0:"";}}}s:10:"debug_mode";b:1;s:10:"debug_file";s:54:"D:\Xampp\htdocs\tlcom\application\/logs/hybridauth.log";s:9:"path_base";s:64:"D:\Xampp\htdocs\tlcom\application\third_party\hybridauth\Hybrid/";s:14:"path_libraries";s:75:"D:\Xampp\htdocs\tlcom\application\third_party\hybridauth\Hybrid/thirdparty/";s:14:"path_resources";s:74:"D:\Xampp\htdocs\tlcom\application\third_party\hybridauth\Hybrid/resources/";s:14:"path_providers";s:74:"D:\Xampp\htdocs\tlcom\application\third_party\hybridauth\Hybrid/Providers/";}
DEBUG -- ::1 -- 2016-07-04T08:41:21+00:00 -- Hybrid_Auth initialize. dump current session:  -- 
INFO -- ::1 -- 2016-07-04T08:41:21+00:00 -- Hybrid_Auth initialize: check if any error is stored on the endpoint...
INFO -- ::1 -- 2016-07-04T08:41:21+00:00 -- Hybrid_Auth initialize: no error found. initialization succeed.
INFO -- 103.242.218.9 -- 2016-07-04T12:43:38+00:00 -- Enter Hybrid_Auth::initialize()
INFO -- 103.242.218.9 -- 2016-07-04T12:43:38+00:00 -- Hybrid_Auth::initialize(). PHP version: 5.5.36
INFO -- 103.242.218.9 -- 2016-07-04T12:43:38+00:00 -- Hybrid_Auth::initialize(). Hybrid_Auth version: 2.6.0
INFO -- 103.242.218.9 -- 2016-07-04T12:43:38+00:00 -- Hybrid_Auth::initialize(). Hybrid_Auth called from: http://aponstore.com/regalf/dashboard
INFO -- 103.242.218.9 -- 2016-07-04T12:43:38+00:00 -- PHP session.name diff from default PHPSESSID. http://php.net/manual/en/session.configuration.php#ini.session.name.
DEBUG -- 103.242.218.9 -- 2016-07-04T12:43:38+00:00 -- Hybrid_Auth initialize. dump used config:  -- a:8:{s:8:"base_url";s:52:"http://aponstore.com/regalf/index.php/hauth/endpoint";s:9:"providers";a:10:{s:6:"OpenID";a:1:{s:7:"enabled";b:1;}s:5:"Yahoo";a:2:{s:7:"enabled";b:1;s:4:"keys";a:2:{s:2:"id";s:0:"";s:6:"secret";s:0:"";}}s:3:"AOL";a:1:{s:7:"enabled";b:1;}s:6:"Google";a:2:{s:7:"enabled";b:1;s:4:"keys";a:2:{s:2:"id";s:72:"827634131564-jshbhbb0gu9a5bj8a0c58n2qsdtmpbhp.apps.googleusercontent.com";s:6:"secret";s:24:"7ahyVursUX5BG3YTYOZ_Wsjn";}}s:8:"Facebook";a:2:{s:7:"enabled";b:1;s:4:"keys";a:2:{s:2:"id";s:15:"715618375246168";s:6:"secret";s:32:"176cfc7f1e2190ecdc38f041788baf29";}}s:7:"Twitter";a:2:{s:7:"enabled";b:1;s:4:"keys";a:2:{s:3:"key";s:25:"2HJ6Vw7xjn4AsgM4FS3oKAQe7";s:6:"secret";s:50:"K5bNQy93sc8grLBkd5VNd336sqLLnHtzbI7gJT4NHd9Og5ge5B";}}s:4:"Live";a:2:{s:7:"enabled";b:1;s:4:"keys";a:2:{s:2:"id";s:0:"";s:6:"secret";s:0:"";}}s:7:"MySpace";a:2:{s:7:"enabled";b:1;s:4:"keys";a:2:{s:3:"key";s:0:"";s:6:"secret";s:0:"";}}s:8:"LinkedIn";a:2:{s:7:"enabled";b:1;s:4:"keys";a:2:{s:3:"key";s:14:"752mjsq4ipxjfj";s:6:"secret";s:16:"72B1M6UQ2gGkXayD";}}s:10:"Foursquare";a:2:{s:7:"enabled";b:1;s:4:"keys";a:2:{s:2:"id";s:0:"";s:6:"secret";s:0:"";}}}s:10:"debug_mode";b:1;s:10:"debug_file";s:67:"/home/aponstore/public_html/regalf/application//logs/hybridauth.log";s:9:"path_base";s:77:"/home/aponstore/public_html/regalf/application/third_party/hybridauth/Hybrid/";s:14:"path_libraries";s:88:"/home/aponstore/public_html/regalf/application/third_party/hybridauth/Hybrid/thirdparty/";s:14:"path_resources";s:87:"/home/aponstore/public_html/regalf/application/third_party/hybridauth/Hybrid/resources/";s:14:"path_providers";s:87:"/home/aponstore/public_html/regalf/application/third_party/hybridauth/Hybrid/Providers/";}
DEBUG -- 103.242.218.9 -- 2016-07-04T12:43:38+00:00 -- Hybrid_Auth initialize. dump current session:  -- 
INFO -- 103.242.218.9 -- 2016-07-04T12:43:38+00:00 -- Hybrid_Auth initialize: check if any error is stored on the endpoint...
INFO -- 103.242.218.9 -- 2016-07-04T12:43:38+00:00 -- Hybrid_Auth initialize: no error found. initialization succeed.
INFO -- ::1 -- 2016-07-09T12:59:57+00:00 -- Enter Hybrid_Auth::initialize()
INFO -- ::1 -- 2016-07-09T12:59:57+00:00 -- Hybrid_Auth::initialize(). PHP version: 7.0.1
INFO -- ::1 -- 2016-07-09T12:59:57+00:00 -- Hybrid_Auth::initialize(). Hybrid_Auth version: 2.6.0
INFO -- ::1 -- 2016-07-09T12:59:57+00:00 -- Hybrid_Auth::initialize(). Hybrid_Auth called from: http://localhost/tlcom/dashboard
INFO -- ::1 -- 2016-07-09T12:59:57+00:00 -- PHP session.name diff from default PHPSESSID. http://php.net/manual/en/session.configuration.php#ini.session.name.
DEBUG -- ::1 -- 2016-07-09T12:59:57+00:00 -- Hybrid_Auth initialize. dump used config:  -- a:8:{s:8:"base_url";s:47:"http://localhost/tlcom/index.php/hauth/endpoint";s:9:"providers";a:10:{s:6:"OpenID";a:1:{s:7:"enabled";b:1;}s:5:"Yahoo";a:2:{s:7:"enabled";b:1;s:4:"keys";a:2:{s:2:"id";s:0:"";s:6:"secret";s:0:"";}}s:3:"AOL";a:1:{s:7:"enabled";b:1;}s:6:"Google";a:2:{s:7:"enabled";b:1;s:4:"keys";a:2:{s:2:"id";s:72:"827634131564-jshbhbb0gu9a5bj8a0c58n2qsdtmpbhp.apps.googleusercontent.com";s:6:"secret";s:24:"7ahyVursUX5BG3YTYOZ_Wsjn";}}s:8:"Facebook";a:2:{s:7:"enabled";b:1;s:4:"keys";a:2:{s:2:"id";s:15:"715618375246168";s:6:"secret";s:32:"176cfc7f1e2190ecdc38f041788baf29";}}s:7:"Twitter";a:2:{s:7:"enabled";b:1;s:4:"keys";a:2:{s:3:"key";s:25:"2HJ6Vw7xjn4AsgM4FS3oKAQe7";s:6:"secret";s:50:"K5bNQy93sc8grLBkd5VNd336sqLLnHtzbI7gJT4NHd9Og5ge5B";}}s:4:"Live";a:2:{s:7:"enabled";b:1;s:4:"keys";a:2:{s:2:"id";s:0:"";s:6:"secret";s:0:"";}}s:7:"MySpace";a:2:{s:7:"enabled";b:1;s:4:"keys";a:2:{s:3:"key";s:0:"";s:6:"secret";s:0:"";}}s:8:"LinkedIn";a:2:{s:7:"enabled";b:1;s:4:"keys";a:2:{s:3:"key";s:14:"752mjsq4ipxjfj";s:6:"secret";s:16:"72B1M6UQ2gGkXayD";}}s:10:"Foursquare";a:2:{s:7:"enabled";b:1;s:4:"keys";a:2:{s:2:"id";s:0:"";s:6:"secret";s:0:"";}}}s:10:"debug_mode";b:1;s:10:"debug_file";s:54:"D:\xampp\htdocs\tlcom\application\/logs/hybridauth.log";s:9:"path_base";s:64:"D:\xampp\htdocs\tlcom\application\third_party\hybridauth\Hybrid/";s:14:"path_libraries";s:75:"D:\xampp\htdocs\tlcom\application\third_party\hybridauth\Hybrid/thirdparty/";s:14:"path_resources";s:74:"D:\xampp\htdocs\tlcom\application\third_party\hybridauth\Hybrid/resources/";s:14:"path_providers";s:74:"D:\xampp\htdocs\tlcom\application\third_party\hybridauth\Hybrid/Providers/";}
DEBUG -- ::1 -- 2016-07-09T12:59:57+00:00 -- Hybrid_Auth initialize. dump current session:  -- 
INFO -- ::1 -- 2016-07-09T12:59:57+00:00 -- Hybrid_Auth initialize: check if any error is stored on the endpoint...
INFO -- ::1 -- 2016-07-09T12:59:57+00:00 -- Hybrid_Auth initialize: no error found. initialization succeed.
INFO -- ::1 -- 2016-07-09T13:23:37+00:00 -- Enter Hybrid_Auth::initialize()
INFO -- ::1 -- 2016-07-09T13:23:37+00:00 -- Hybrid_Auth::initialize(). PHP version: 7.0.1
INFO -- ::1 -- 2016-07-09T13:23:37+00:00 -- Hybrid_Auth::initialize(). Hybrid_Auth version: 2.6.0
INFO -- ::1 -- 2016-07-09T13:23:37+00:00 -- Hybrid_Auth::initialize(). Hybrid_Auth called from: http://localhost/tlcom/dashboard
INFO -- ::1 -- 2016-07-09T13:23:37+00:00 -- PHP session.name diff from default PHPSESSID. http://php.net/manual/en/session.configuration.php#ini.session.name.
DEBUG -- ::1 -- 2016-07-09T13:23:37+00:00 -- Hybrid_Auth initialize. dump used config:  -- a:8:{s:8:"base_url";s:47:"http://localhost/tlcom/index.php/hauth/endpoint";s:9:"providers";a:10:{s:6:"OpenID";a:1:{s:7:"enabled";b:1;}s:5:"Yahoo";a:2:{s:7:"enabled";b:1;s:4:"keys";a:2:{s:2:"id";s:0:"";s:6:"secret";s:0:"";}}s:3:"AOL";a:1:{s:7:"enabled";b:1;}s:6:"Google";a:2:{s:7:"enabled";b:1;s:4:"keys";a:2:{s:2:"id";s:72:"827634131564-jshbhbb0gu9a5bj8a0c58n2qsdtmpbhp.apps.googleusercontent.com";s:6:"secret";s:24:"7ahyVursUX5BG3YTYOZ_Wsjn";}}s:8:"Facebook";a:2:{s:7:"enabled";b:1;s:4:"keys";a:2:{s:2:"id";s:15:"715618375246168";s:6:"secret";s:32:"176cfc7f1e2190ecdc38f041788baf29";}}s:7:"Twitter";a:2:{s:7:"enabled";b:1;s:4:"keys";a:2:{s:3:"key";s:25:"2HJ6Vw7xjn4AsgM4FS3oKAQe7";s:6:"secret";s:50:"K5bNQy93sc8grLBkd5VNd336sqLLnHtzbI7gJT4NHd9Og5ge5B";}}s:4:"Live";a:2:{s:7:"enabled";b:1;s:4:"keys";a:2:{s:2:"id";s:0:"";s:6:"secret";s:0:"";}}s:7:"MySpace";a:2:{s:7:"enabled";b:1;s:4:"keys";a:2:{s:3:"key";s:0:"";s:6:"secret";s:0:"";}}s:8:"LinkedIn";a:2:{s:7:"enabled";b:1;s:4:"keys";a:2:{s:3:"key";s:14:"752mjsq4ipxjfj";s:6:"secret";s:16:"72B1M6UQ2gGkXayD";}}s:10:"Foursquare";a:2:{s:7:"enabled";b:1;s:4:"keys";a:2:{s:2:"id";s:0:"";s:6:"secret";s:0:"";}}}s:10:"debug_mode";b:1;s:10:"debug_file";s:54:"D:\xampp\htdocs\tlcom\application\/logs/hybridauth.log";s:9:"path_base";s:64:"D:\xampp\htdocs\tlcom\application\third_party\hybridauth\Hybrid/";s:14:"path_libraries";s:75:"D:\xampp\htdocs\tlcom\application\third_party\hybridauth\Hybrid/thirdparty/";s:14:"path_resources";s:74:"D:\xampp\htdocs\tlcom\application\third_party\hybridauth\Hybrid/resources/";s:14:"path_providers";s:74:"D:\xampp\htdocs\tlcom\application\third_party\hybridauth\Hybrid/Providers/";}
DEBUG -- ::1 -- 2016-07-09T13:23:37+00:00 -- Hybrid_Auth initialize. dump current session:  -- 
INFO -- ::1 -- 2016-07-09T13:23:37+00:00 -- Hybrid_Auth initialize: check if any error is stored on the endpoint...
INFO -- ::1 -- 2016-07-09T13:23:37+00:00 -- Hybrid_Auth initialize: no error found. initialization succeed.
INFO -- ::1 -- 2016-07-09T13:32:36+00:00 -- Enter Hybrid_Auth::initialize()
INFO -- ::1 -- 2016-07-09T13:32:36+00:00 -- Hybrid_Auth::initialize(). PHP version: 7.0.1
INFO -- ::1 -- 2016-07-09T13:32:36+00:00 -- Hybrid_Auth::initialize(). Hybrid_Auth version: 2.6.0
INFO -- ::1 -- 2016-07-09T13:32:36+00:00 -- Hybrid_Auth::initialize(). Hybrid_Auth called from: http://localhost/tlcom/dashboard
INFO -- ::1 -- 2016-07-09T13:32:36+00:00 -- PHP session.name diff from default PHPSESSID. http://php.net/manual/en/session.configuration.php#ini.session.name.
DEBUG -- ::1 -- 2016-07-09T13:32:36+00:00 -- Hybrid_Auth initialize. dump used config:  -- a:8:{s:8:"base_url";s:47:"http://localhost/tlcom/index.php/hauth/endpoint";s:9:"providers";a:10:{s:6:"OpenID";a:1:{s:7:"enabled";b:1;}s:5:"Yahoo";a:2:{s:7:"enabled";b:1;s:4:"keys";a:2:{s:2:"id";s:0:"";s:6:"secret";s:0:"";}}s:3:"AOL";a:1:{s:7:"enabled";b:1;}s:6:"Google";a:2:{s:7:"enabled";b:1;s:4:"keys";a:2:{s:2:"id";s:72:"827634131564-jshbhbb0gu9a5bj8a0c58n2qsdtmpbhp.apps.googleusercontent.com";s:6:"secret";s:24:"7ahyVursUX5BG3YTYOZ_Wsjn";}}s:8:"Facebook";a:2:{s:7:"enabled";b:1;s:4:"keys";a:2:{s:2:"id";s:15:"715618375246168";s:6:"secret";s:32:"176cfc7f1e2190ecdc38f041788baf29";}}s:7:"Twitter";a:2:{s:7:"enabled";b:1;s:4:"keys";a:2:{s:3:"key";s:25:"2HJ6Vw7xjn4AsgM4FS3oKAQe7";s:6:"secret";s:50:"K5bNQy93sc8grLBkd5VNd336sqLLnHtzbI7gJT4NHd9Og5ge5B";}}s:4:"Live";a:2:{s:7:"enabled";b:1;s:4:"keys";a:2:{s:2:"id";s:0:"";s:6:"secret";s:0:"";}}s:7:"MySpace";a:2:{s:7:"enabled";b:1;s:4:"keys";a:2:{s:3:"key";s:0:"";s:6:"secret";s:0:"";}}s:8:"LinkedIn";a:2:{s:7:"enabled";b:1;s:4:"keys";a:2:{s:3:"key";s:14:"752mjsq4ipxjfj";s:6:"secret";s:16:"72B1M6UQ2gGkXayD";}}s:10:"Foursquare";a:2:{s:7:"enabled";b:1;s:4:"keys";a:2:{s:2:"id";s:0:"";s:6:"secret";s:0:"";}}}s:10:"debug_mode";b:1;s:10:"debug_file";s:54:"D:\xampp\htdocs\tlcom\application\/logs/hybridauth.log";s:9:"path_base";s:64:"D:\xampp\htdocs\tlcom\application\third_party\hybridauth\Hybrid/";s:14:"path_libraries";s:75:"D:\xampp\htdocs\tlcom\application\third_party\hybridauth\Hybrid/thirdparty/";s:14:"path_resources";s:74:"D:\xampp\htdocs\tlcom\application\third_party\hybridauth\Hybrid/resources/";s:14:"path_providers";s:74:"D:\xampp\htdocs\tlcom\application\third_party\hybridauth\Hybrid/Providers/";}
DEBUG -- ::1 -- 2016-07-09T13:32:36+00:00 -- Hybrid_Auth initialize. dump current session:  -- 
INFO -- ::1 -- 2016-07-09T13:32:36+00:00 -- Hybrid_Auth initialize: check if any error is stored on the endpoint...
INFO -- ::1 -- 2016-07-09T13:32:36+00:00 -- Hybrid_Auth initialize: no error found. initialization succeed.
INFO -- ::1 -- 2016-07-10T04:43:45+00:00 -- Enter Hybrid_Auth::initialize()
INFO -- ::1 -- 2016-07-10T04:43:45+00:00 -- Hybrid_Auth::initialize(). PHP version: 7.0.1
INFO -- ::1 -- 2016-07-10T04:43:45+00:00 -- Hybrid_Auth::initialize(). Hybrid_Auth version: 2.6.0
INFO -- ::1 -- 2016-07-10T04:43:45+00:00 -- Hybrid_Auth::initialize(). Hybrid_Auth called from: http://localhost/tlcom/dashboard
INFO -- ::1 -- 2016-07-10T04:43:45+00:00 -- PHP session.name diff from default PHPSESSID. http://php.net/manual/en/session.configuration.php#ini.session.name.
DEBUG -- ::1 -- 2016-07-10T04:43:45+00:00 -- Hybrid_Auth initialize. dump used config:  -- a:8:{s:8:"base_url";s:47:"http://localhost/tlcom/index.php/hauth/endpoint";s:9:"providers";a:10:{s:6:"OpenID";a:1:{s:7:"enabled";b:1;}s:5:"Yahoo";a:2:{s:7:"enabled";b:1;s:4:"keys";a:2:{s:2:"id";s:0:"";s:6:"secret";s:0:"";}}s:3:"AOL";a:1:{s:7:"enabled";b:1;}s:6:"Google";a:2:{s:7:"enabled";b:1;s:4:"keys";a:2:{s:2:"id";s:72:"827634131564-jshbhbb0gu9a5bj8a0c58n2qsdtmpbhp.apps.googleusercontent.com";s:6:"secret";s:24:"7ahyVursUX5BG3YTYOZ_Wsjn";}}s:8:"Facebook";a:2:{s:7:"enabled";b:1;s:4:"keys";a:2:{s:2:"id";s:15:"715618375246168";s:6:"secret";s:32:"176cfc7f1e2190ecdc38f041788baf29";}}s:7:"Twitter";a:2:{s:7:"enabled";b:1;s:4:"keys";a:2:{s:3:"key";s:25:"2HJ6Vw7xjn4AsgM4FS3oKAQe7";s:6:"secret";s:50:"K5bNQy93sc8grLBkd5VNd336sqLLnHtzbI7gJT4NHd9Og5ge5B";}}s:4:"Live";a:2:{s:7:"enabled";b:1;s:4:"keys";a:2:{s:2:"id";s:0:"";s:6:"secret";s:0:"";}}s:7:"MySpace";a:2:{s:7:"enabled";b:1;s:4:"keys";a:2:{s:3:"key";s:0:"";s:6:"secret";s:0:"";}}s:8:"LinkedIn";a:2:{s:7:"enabled";b:1;s:4:"keys";a:2:{s:3:"key";s:14:"752mjsq4ipxjfj";s:6:"secret";s:16:"72B1M6UQ2gGkXayD";}}s:10:"Foursquare";a:2:{s:7:"enabled";b:1;s:4:"keys";a:2:{s:2:"id";s:0:"";s:6:"secret";s:0:"";}}}s:10:"debug_mode";b:1;s:10:"debug_file";s:54:"D:\xampp\htdocs\tlcom\application\/logs/hybridauth.log";s:9:"path_base";s:64:"D:\xampp\htdocs\tlcom\application\third_party\hybridauth\Hybrid/";s:14:"path_libraries";s:75:"D:\xampp\htdocs\tlcom\application\third_party\hybridauth\Hybrid/thirdparty/";s:14:"path_resources";s:74:"D:\xampp\htdocs\tlcom\application\third_party\hybridauth\Hybrid/resources/";s:14:"path_providers";s:74:"D:\xampp\htdocs\tlcom\application\third_party\hybridauth\Hybrid/Providers/";}
DEBUG -- ::1 -- 2016-07-10T04:43:45+00:00 -- Hybrid_Auth initialize. dump current session:  -- 
INFO -- ::1 -- 2016-07-10T04:43:45+00:00 -- Hybrid_Auth initialize: check if any error is stored on the endpoint...
INFO -- ::1 -- 2016-07-10T04:43:45+00:00 -- Hybrid_Auth initialize: no error found. initialization succeed.
INFO -- ::1 -- 2016-07-10T14:01:27+00:00 -- Enter Hybrid_Auth::initialize()
INFO -- ::1 -- 2016-07-10T14:01:27+00:00 -- Hybrid_Auth::initialize(). PHP version: 7.0.1
INFO -- ::1 -- 2016-07-10T14:01:27+00:00 -- Hybrid_Auth::initialize(). Hybrid_Auth version: 2.6.0
INFO -- ::1 -- 2016-07-10T14:01:27+00:00 -- Hybrid_Auth::initialize(). Hybrid_Auth called from: http://localhost/tlcom/dashboard
INFO -- ::1 -- 2016-07-10T14:01:27+00:00 -- PHP session.name diff from default PHPSESSID. http://php.net/manual/en/session.configuration.php#ini.session.name.
DEBUG -- ::1 -- 2016-07-10T14:01:27+00:00 -- Hybrid_Auth initialize. dump used config:  -- a:8:{s:8:"base_url";s:47:"http://localhost/tlcom/index.php/hauth/endpoint";s:9:"providers";a:10:{s:6:"OpenID";a:1:{s:7:"enabled";b:1;}s:5:"Yahoo";a:2:{s:7:"enabled";b:1;s:4:"keys";a:2:{s:2:"id";s:0:"";s:6:"secret";s:0:"";}}s:3:"AOL";a:1:{s:7:"enabled";b:1;}s:6:"Google";a:2:{s:7:"enabled";b:1;s:4:"keys";a:2:{s:2:"id";s:72:"827634131564-jshbhbb0gu9a5bj8a0c58n2qsdtmpbhp.apps.googleusercontent.com";s:6:"secret";s:24:"7ahyVursUX5BG3YTYOZ_Wsjn";}}s:8:"Facebook";a:2:{s:7:"enabled";b:1;s:4:"keys";a:2:{s:2:"id";s:15:"715618375246168";s:6:"secret";s:32:"176cfc7f1e2190ecdc38f041788baf29";}}s:7:"Twitter";a:2:{s:7:"enabled";b:1;s:4:"keys";a:2:{s:3:"key";s:25:"2HJ6Vw7xjn4AsgM4FS3oKAQe7";s:6:"secret";s:50:"K5bNQy93sc8grLBkd5VNd336sqLLnHtzbI7gJT4NHd9Og5ge5B";}}s:4:"Live";a:2:{s:7:"enabled";b:1;s:4:"keys";a:2:{s:2:"id";s:0:"";s:6:"secret";s:0:"";}}s:7:"MySpace";a:2:{s:7:"enabled";b:1;s:4:"keys";a:2:{s:3:"key";s:0:"";s:6:"secret";s:0:"";}}s:8:"LinkedIn";a:2:{s:7:"enabled";b:1;s:4:"keys";a:2:{s:3:"key";s:14:"752mjsq4ipxjfj";s:6:"secret";s:16:"72B1M6UQ2gGkXayD";}}s:10:"Foursquare";a:2:{s:7:"enabled";b:1;s:4:"keys";a:2:{s:2:"id";s:0:"";s:6:"secret";s:0:"";}}}s:10:"debug_mode";b:1;s:10:"debug_file";s:54:"D:\xampp\htdocs\tlcom\application\/logs/hybridauth.log";s:9:"path_base";s:64:"D:\xampp\htdocs\tlcom\application\third_party\hybridauth\Hybrid/";s:14:"path_libraries";s:75:"D:\xampp\htdocs\tlcom\application\third_party\hybridauth\Hybrid/thirdparty/";s:14:"path_resources";s:74:"D:\xampp\htdocs\tlcom\application\third_party\hybridauth\Hybrid/resources/";s:14:"path_providers";s:74:"D:\xampp\htdocs\tlcom\application\third_party\hybridauth\Hybrid/Providers/";}
DEBUG -- ::1 -- 2016-07-10T14:01:27+00:00 -- Hybrid_Auth initialize. dump current session:  -- 
INFO -- ::1 -- 2016-07-10T14:01:27+00:00 -- Hybrid_Auth initialize: check if any error is stored on the endpoint...
INFO -- ::1 -- 2016-07-10T14:01:27+00:00 -- Hybrid_Auth initialize: no error found. initialization succeed.
INFO -- ::1 -- 2016-07-11T04:58:38+00:00 -- Enter Hybrid_Auth::initialize()
INFO -- ::1 -- 2016-07-11T04:58:38+00:00 -- Hybrid_Auth::initialize(). PHP version: 7.0.1
INFO -- ::1 -- 2016-07-11T04:58:38+00:00 -- Hybrid_Auth::initialize(). Hybrid_Auth version: 2.6.0
INFO -- ::1 -- 2016-07-11T04:58:38+00:00 -- Hybrid_Auth::initialize(). Hybrid_Auth called from: http://localhost/tlcom/dashboard
INFO -- ::1 -- 2016-07-11T04:58:38+00:00 -- PHP session.name diff from default PHPSESSID. http://php.net/manual/en/session.configuration.php#ini.session.name.
DEBUG -- ::1 -- 2016-07-11T04:58:38+00:00 -- Hybrid_Auth initialize. dump used config:  -- a:8:{s:8:"base_url";s:47:"http://localhost/tlcom/index.php/hauth/endpoint";s:9:"providers";a:10:{s:6:"OpenID";a:1:{s:7:"enabled";b:1;}s:5:"Yahoo";a:2:{s:7:"enabled";b:1;s:4:"keys";a:2:{s:2:"id";s:0:"";s:6:"secret";s:0:"";}}s:3:"AOL";a:1:{s:7:"enabled";b:1;}s:6:"Google";a:2:{s:7:"enabled";b:1;s:4:"keys";a:2:{s:2:"id";s:72:"827634131564-jshbhbb0gu9a5bj8a0c58n2qsdtmpbhp.apps.googleusercontent.com";s:6:"secret";s:24:"7ahyVursUX5BG3YTYOZ_Wsjn";}}s:8:"Facebook";a:2:{s:7:"enabled";b:1;s:4:"keys";a:2:{s:2:"id";s:15:"715618375246168";s:6:"secret";s:32:"176cfc7f1e2190ecdc38f041788baf29";}}s:7:"Twitter";a:2:{s:7:"enabled";b:1;s:4:"keys";a:2:{s:3:"key";s:25:"2HJ6Vw7xjn4AsgM4FS3oKAQe7";s:6:"secret";s:50:"K5bNQy93sc8grLBkd5VNd336sqLLnHtzbI7gJT4NHd9Og5ge5B";}}s:4:"Live";a:2:{s:7:"enabled";b:1;s:4:"keys";a:2:{s:2:"id";s:0:"";s:6:"secret";s:0:"";}}s:7:"MySpace";a:2:{s:7:"enabled";b:1;s:4:"keys";a:2:{s:3:"key";s:0:"";s:6:"secret";s:0:"";}}s:8:"LinkedIn";a:2:{s:7:"enabled";b:1;s:4:"keys";a:2:{s:3:"key";s:14:"752mjsq4ipxjfj";s:6:"secret";s:16:"72B1M6UQ2gGkXayD";}}s:10:"Foursquare";a:2:{s:7:"enabled";b:1;s:4:"keys";a:2:{s:2:"id";s:0:"";s:6:"secret";s:0:"";}}}s:10:"debug_mode";b:1;s:10:"debug_file";s:54:"D:\xampp\htdocs\tlcom\application\/logs/hybridauth.log";s:9:"path_base";s:64:"D:\xampp\htdocs\tlcom\application\third_party\hybridauth\Hybrid/";s:14:"path_libraries";s:75:"D:\xampp\htdocs\tlcom\application\third_party\hybridauth\Hybrid/thirdparty/";s:14:"path_resources";s:74:"D:\xampp\htdocs\tlcom\application\third_party\hybridauth\Hybrid/resources/";s:14:"path_providers";s:74:"D:\xampp\htdocs\tlcom\application\third_party\hybridauth\Hybrid/Providers/";}
DEBUG -- ::1 -- 2016-07-11T04:58:38+00:00 -- Hybrid_Auth initialize. dump current session:  -- 
INFO -- ::1 -- 2016-07-11T04:58:38+00:00 -- Hybrid_Auth initialize: check if any error is stored on the endpoint...
INFO -- ::1 -- 2016-07-11T04:58:38+00:00 -- Hybrid_Auth initialize: no error found. initialization succeed.
INFO -- ::1 -- 2016-07-11T05:05:09+00:00 -- Enter Hybrid_Auth::initialize()
INFO -- ::1 -- 2016-07-11T05:05:09+00:00 -- Hybrid_Auth::initialize(). PHP version: 7.0.1
INFO -- ::1 -- 2016-07-11T05:05:09+00:00 -- Hybrid_Auth::initialize(). Hybrid_Auth version: 2.6.0
INFO -- ::1 -- 2016-07-11T05:05:09+00:00 -- Hybrid_Auth::initialize(). Hybrid_Auth called from: http://localhost/tlcom/dashboard
INFO -- ::1 -- 2016-07-11T05:05:09+00:00 -- PHP session.name diff from default PHPSESSID. http://php.net/manual/en/session.configuration.php#ini.session.name.
DEBUG -- ::1 -- 2016-07-11T05:05:09+00:00 -- Hybrid_Auth initialize. dump used config:  -- a:8:{s:8:"base_url";s:47:"http://localhost/tlcom/index.php/hauth/endpoint";s:9:"providers";a:10:{s:6:"OpenID";a:1:{s:7:"enabled";b:1;}s:5:"Yahoo";a:2:{s:7:"enabled";b:1;s:4:"keys";a:2:{s:2:"id";s:0:"";s:6:"secret";s:0:"";}}s:3:"AOL";a:1:{s:7:"enabled";b:1;}s:6:"Google";a:2:{s:7:"enabled";b:1;s:4:"keys";a:2:{s:2:"id";s:72:"827634131564-jshbhbb0gu9a5bj8a0c58n2qsdtmpbhp.apps.googleusercontent.com";s:6:"secret";s:24:"7ahyVursUX5BG3YTYOZ_Wsjn";}}s:8:"Facebook";a:2:{s:7:"enabled";b:1;s:4:"keys";a:2:{s:2:"id";s:15:"715618375246168";s:6:"secret";s:32:"176cfc7f1e2190ecdc38f041788baf29";}}s:7:"Twitter";a:2:{s:7:"enabled";b:1;s:4:"keys";a:2:{s:3:"key";s:25:"2HJ6Vw7xjn4AsgM4FS3oKAQe7";s:6:"secret";s:50:"K5bNQy93sc8grLBkd5VNd336sqLLnHtzbI7gJT4NHd9Og5ge5B";}}s:4:"Live";a:2:{s:7:"enabled";b:1;s:4:"keys";a:2:{s:2:"id";s:0:"";s:6:"secret";s:0:"";}}s:7:"MySpace";a:2:{s:7:"enabled";b:1;s:4:"keys";a:2:{s:3:"key";s:0:"";s:6:"secret";s:0:"";}}s:8:"LinkedIn";a:2:{s:7:"enabled";b:1;s:4:"keys";a:2:{s:3:"key";s:14:"752mjsq4ipxjfj";s:6:"secret";s:16:"72B1M6UQ2gGkXayD";}}s:10:"Foursquare";a:2:{s:7:"enabled";b:1;s:4:"keys";a:2:{s:2:"id";s:0:"";s:6:"secret";s:0:"";}}}s:10:"debug_mode";b:1;s:10:"debug_file";s:54:"D:\xampp\htdocs\tlcom\application\/logs/hybridauth.log";s:9:"path_base";s:64:"D:\xampp\htdocs\tlcom\application\third_party\hybridauth\Hybrid/";s:14:"path_libraries";s:75:"D:\xampp\htdocs\tlcom\application\third_party\hybridauth\Hybrid/thirdparty/";s:14:"path_resources";s:74:"D:\xampp\htdocs\tlcom\application\third_party\hybridauth\Hybrid/resources/";s:14:"path_providers";s:74:"D:\xampp\htdocs\tlcom\application\third_party\hybridauth\Hybrid/Providers/";}
DEBUG -- ::1 -- 2016-07-11T05:05:09+00:00 -- Hybrid_Auth initialize. dump current session:  -- 
INFO -- ::1 -- 2016-07-11T05:05:09+00:00 -- Hybrid_Auth initialize: check if any error is stored on the endpoint...
INFO -- ::1 -- 2016-07-11T05:05:09+00:00 -- Hybrid_Auth initialize: no error found. initialization succeed.
INFO -- ::1 -- 2016-07-11T05:05:16+00:00 -- Enter Hybrid_Auth::initialize()
INFO -- ::1 -- 2016-07-11T05:05:16+00:00 -- Hybrid_Auth::initialize(). PHP version: 7.0.1
INFO -- ::1 -- 2016-07-11T05:05:16+00:00 -- Hybrid_Auth::initialize(). Hybrid_Auth version: 2.6.0
INFO -- ::1 -- 2016-07-11T05:05:16+00:00 -- Hybrid_Auth::initialize(). Hybrid_Auth called from: http://localhost/tlcom/dashboard
INFO -- ::1 -- 2016-07-11T05:05:16+00:00 -- PHP session.name diff from default PHPSESSID. http://php.net/manual/en/session.configuration.php#ini.session.name.
DEBUG -- ::1 -- 2016-07-11T05:05:16+00:00 -- Hybrid_Auth initialize. dump used config:  -- a:8:{s:8:"base_url";s:47:"http://localhost/tlcom/index.php/hauth/endpoint";s:9:"providers";a:10:{s:6:"OpenID";a:1:{s:7:"enabled";b:1;}s:5:"Yahoo";a:2:{s:7:"enabled";b:1;s:4:"keys";a:2:{s:2:"id";s:0:"";s:6:"secret";s:0:"";}}s:3:"AOL";a:1:{s:7:"enabled";b:1;}s:6:"Google";a:2:{s:7:"enabled";b:1;s:4:"keys";a:2:{s:2:"id";s:72:"827634131564-jshbhbb0gu9a5bj8a0c58n2qsdtmpbhp.apps.googleusercontent.com";s:6:"secret";s:24:"7ahyVursUX5BG3YTYOZ_Wsjn";}}s:8:"Facebook";a:2:{s:7:"enabled";b:1;s:4:"keys";a:2:{s:2:"id";s:15:"715618375246168";s:6:"secret";s:32:"176cfc7f1e2190ecdc38f041788baf29";}}s:7:"Twitter";a:2:{s:7:"enabled";b:1;s:4:"keys";a:2:{s:3:"key";s:25:"2HJ6Vw7xjn4AsgM4FS3oKAQe7";s:6:"secret";s:50:"K5bNQy93sc8grLBkd5VNd336sqLLnHtzbI7gJT4NHd9Og5ge5B";}}s:4:"Live";a:2:{s:7:"enabled";b:1;s:4:"keys";a:2:{s:2:"id";s:0:"";s:6:"secret";s:0:"";}}s:7:"MySpace";a:2:{s:7:"enabled";b:1;s:4:"keys";a:2:{s:3:"key";s:0:"";s:6:"secret";s:0:"";}}s:8:"LinkedIn";a:2:{s:7:"enabled";b:1;s:4:"keys";a:2:{s:3:"key";s:14:"752mjsq4ipxjfj";s:6:"secret";s:16:"72B1M6UQ2gGkXayD";}}s:10:"Foursquare";a:2:{s:7:"enabled";b:1;s:4:"keys";a:2:{s:2:"id";s:0:"";s:6:"secret";s:0:"";}}}s:10:"debug_mode";b:1;s:10:"debug_file";s:54:"D:\xampp\htdocs\tlcom\application\/logs/hybridauth.log";s:9:"path_base";s:64:"D:\xampp\htdocs\tlcom\application\third_party\hybridauth\Hybrid/";s:14:"path_libraries";s:75:"D:\xampp\htdocs\tlcom\application\third_party\hybridauth\Hybrid/thirdparty/";s:14:"path_resources";s:74:"D:\xampp\htdocs\tlcom\application\third_party\hybridauth\Hybrid/resources/";s:14:"path_providers";s:74:"D:\xampp\htdocs\tlcom\application\third_party\hybridauth\Hybrid/Providers/";}
DEBUG -- ::1 -- 2016-07-11T05:05:16+00:00 -- Hybrid_Auth initialize. dump current session:  -- 
INFO -- ::1 -- 2016-07-11T05:05:16+00:00 -- Hybrid_Auth initialize: check if any error is stored on the endpoint...
INFO -- ::1 -- 2016-07-11T05:05:16+00:00 -- Hybrid_Auth initialize: no error found. initialization succeed.
INFO -- ::1 -- 2016-07-11T05:05:33+00:00 -- Enter Hybrid_Auth::initialize()
INFO -- ::1 -- 2016-07-11T05:05:33+00:00 -- Hybrid_Auth::initialize(). PHP version: 7.0.1
INFO -- ::1 -- 2016-07-11T05:05:33+00:00 -- Hybrid_Auth::initialize(). Hybrid_Auth version: 2.6.0
INFO -- ::1 -- 2016-07-11T05:05:33+00:00 -- Hybrid_Auth::initialize(). Hybrid_Auth called from: http://localhost/tlcom/dashboard
INFO -- ::1 -- 2016-07-11T05:05:33+00:00 -- PHP session.name diff from default PHPSESSID. http://php.net/manual/en/session.configuration.php#ini.session.name.
DEBUG -- ::1 -- 2016-07-11T05:05:33+00:00 -- Hybrid_Auth initialize. dump used config:  -- a:8:{s:8:"base_url";s:47:"http://localhost/tlcom/index.php/hauth/endpoint";s:9:"providers";a:10:{s:6:"OpenID";a:1:{s:7:"enabled";b:1;}s:5:"Yahoo";a:2:{s:7:"enabled";b:1;s:4:"keys";a:2:{s:2:"id";s:0:"";s:6:"secret";s:0:"";}}s:3:"AOL";a:1:{s:7:"enabled";b:1;}s:6:"Google";a:2:{s:7:"enabled";b:1;s:4:"keys";a:2:{s:2:"id";s:72:"827634131564-jshbhbb0gu9a5bj8a0c58n2qsdtmpbhp.apps.googleusercontent.com";s:6:"secret";s:24:"7ahyVursUX5BG3YTYOZ_Wsjn";}}s:8:"Facebook";a:2:{s:7:"enabled";b:1;s:4:"keys";a:2:{s:2:"id";s:15:"715618375246168";s:6:"secret";s:32:"176cfc7f1e2190ecdc38f041788baf29";}}s:7:"Twitter";a:2:{s:7:"enabled";b:1;s:4:"keys";a:2:{s:3:"key";s:25:"2HJ6Vw7xjn4AsgM4FS3oKAQe7";s:6:"secret";s:50:"K5bNQy93sc8grLBkd5VNd336sqLLnHtzbI7gJT4NHd9Og5ge5B";}}s:4:"Live";a:2:{s:7:"enabled";b:1;s:4:"keys";a:2:{s:2:"id";s:0:"";s:6:"secret";s:0:"";}}s:7:"MySpace";a:2:{s:7:"enabled";b:1;s:4:"keys";a:2:{s:3:"key";s:0:"";s:6:"secret";s:0:"";}}s:8:"LinkedIn";a:2:{s:7:"enabled";b:1;s:4:"keys";a:2:{s:3:"key";s:14:"752mjsq4ipxjfj";s:6:"secret";s:16:"72B1M6UQ2gGkXayD";}}s:10:"Foursquare";a:2:{s:7:"enabled";b:1;s:4:"keys";a:2:{s:2:"id";s:0:"";s:6:"secret";s:0:"";}}}s:10:"debug_mode";b:1;s:10:"debug_file";s:54:"D:\xampp\htdocs\tlcom\application\/logs/hybridauth.log";s:9:"path_base";s:64:"D:\xampp\htdocs\tlcom\application\third_party\hybridauth\Hybrid/";s:14:"path_libraries";s:75:"D:\xampp\htdocs\tlcom\application\third_party\hybridauth\Hybrid/thirdparty/";s:14:"path_resources";s:74:"D:\xampp\htdocs\tlcom\application\third_party\hybridauth\Hybrid/resources/";s:14:"path_providers";s:74:"D:\xampp\htdocs\tlcom\application\third_party\hybridauth\Hybrid/Providers/";}
DEBUG -- ::1 -- 2016-07-11T05:05:33+00:00 -- Hybrid_Auth initialize. dump current session:  -- 
INFO -- ::1 -- 2016-07-11T05:05:33+00:00 -- Hybrid_Auth initialize: check if any error is stored on the endpoint...
INFO -- ::1 -- 2016-07-11T05:05:33+00:00 -- Hybrid_Auth initialize: no error found. initialization succeed.
INFO -- ::1 -- 2016-07-11T06:38:13+00:00 -- Enter Hybrid_Auth::initialize()
INFO -- ::1 -- 2016-07-11T06:38:13+00:00 -- Hybrid_Auth::initialize(). PHP version: 7.0.1
INFO -- ::1 -- 2016-07-11T06:38:13+00:00 -- Hybrid_Auth::initialize(). Hybrid_Auth version: 2.6.0
INFO -- ::1 -- 2016-07-11T06:38:13+00:00 -- Hybrid_Auth::initialize(). Hybrid_Auth called from: http://localhost/tlcom/dashboard
INFO -- ::1 -- 2016-07-11T06:38:13+00:00 -- PHP session.name diff from default PHPSESSID. http://php.net/manual/en/session.configuration.php#ini.session.name.
DEBUG -- ::1 -- 2016-07-11T06:38:13+00:00 -- Hybrid_Auth initialize. dump used config:  -- a:8:{s:8:"base_url";s:47:"http://localhost/tlcom/index.php/hauth/endpoint";s:9:"providers";a:10:{s:6:"OpenID";a:1:{s:7:"enabled";b:1;}s:5:"Yahoo";a:2:{s:7:"enabled";b:1;s:4:"keys";a:2:{s:2:"id";s:0:"";s:6:"secret";s:0:"";}}s:3:"AOL";a:1:{s:7:"enabled";b:1;}s:6:"Google";a:2:{s:7:"enabled";b:1;s:4:"keys";a:2:{s:2:"id";s:72:"827634131564-jshbhbb0gu9a5bj8a0c58n2qsdtmpbhp.apps.googleusercontent.com";s:6:"secret";s:24:"7ahyVursUX5BG3YTYOZ_Wsjn";}}s:8:"Facebook";a:2:{s:7:"enabled";b:1;s:4:"keys";a:2:{s:2:"id";s:15:"715618375246168";s:6:"secret";s:32:"176cfc7f1e2190ecdc38f041788baf29";}}s:7:"Twitter";a:2:{s:7:"enabled";b:1;s:4:"keys";a:2:{s:3:"key";s:25:"2HJ6Vw7xjn4AsgM4FS3oKAQe7";s:6:"secret";s:50:"K5bNQy93sc8grLBkd5VNd336sqLLnHtzbI7gJT4NHd9Og5ge5B";}}s:4:"Live";a:2:{s:7:"enabled";b:1;s:4:"keys";a:2:{s:2:"id";s:0:"";s:6:"secret";s:0:"";}}s:7:"MySpace";a:2:{s:7:"enabled";b:1;s:4:"keys";a:2:{s:3:"key";s:0:"";s:6:"secret";s:0:"";}}s:8:"LinkedIn";a:2:{s:7:"enabled";b:1;s:4:"keys";a:2:{s:3:"key";s:14:"752mjsq4ipxjfj";s:6:"secret";s:16:"72B1M6UQ2gGkXayD";}}s:10:"Foursquare";a:2:{s:7:"enabled";b:1;s:4:"keys";a:2:{s:2:"id";s:0:"";s:6:"secret";s:0:"";}}}s:10:"debug_mode";b:1;s:10:"debug_file";s:54:"D:\xampp\htdocs\tlcom\application\/logs/hybridauth.log";s:9:"path_base";s:64:"D:\xampp\htdocs\tlcom\application\third_party\hybridauth\Hybrid/";s:14:"path_libraries";s:75:"D:\xampp\htdocs\tlcom\application\third_party\hybridauth\Hybrid/thirdparty/";s:14:"path_resources";s:74:"D:\xampp\htdocs\tlcom\application\third_party\hybridauth\Hybrid/resources/";s:14:"path_providers";s:74:"D:\xampp\htdocs\tlcom\application\third_party\hybridauth\Hybrid/Providers/";}
DEBUG -- ::1 -- 2016-07-11T06:38:13+00:00 -- Hybrid_Auth initialize. dump current session:  -- 
INFO -- ::1 -- 2016-07-11T06:38:13+00:00 -- Hybrid_Auth initialize: check if any error is stored on the endpoint...
INFO -- ::1 -- 2016-07-11T06:38:13+00:00 -- Hybrid_Auth initialize: no error found. initialization succeed.
INFO -- ::1 -- 2016-07-11T06:45:16+00:00 -- Enter Hybrid_Auth::initialize()
INFO -- ::1 -- 2016-07-11T06:45:16+00:00 -- Hybrid_Auth::initialize(). PHP version: 7.0.1
INFO -- ::1 -- 2016-07-11T06:45:16+00:00 -- Hybrid_Auth::initialize(). Hybrid_Auth version: 2.6.0
INFO -- ::1 -- 2016-07-11T06:45:16+00:00 -- Hybrid_Auth::initialize(). Hybrid_Auth called from: http://localhost/tlcom/addpost
INFO -- ::1 -- 2016-07-11T06:45:16+00:00 -- PHP session.name diff from default PHPSESSID. http://php.net/manual/en/session.configuration.php#ini.session.name.
DEBUG -- ::1 -- 2016-07-11T06:45:16+00:00 -- Hybrid_Auth initialize. dump used config:  -- a:8:{s:8:"base_url";s:47:"http://localhost/tlcom/index.php/hauth/endpoint";s:9:"providers";a:10:{s:6:"OpenID";a:1:{s:7:"enabled";b:1;}s:5:"Yahoo";a:2:{s:7:"enabled";b:1;s:4:"keys";a:2:{s:2:"id";s:0:"";s:6:"secret";s:0:"";}}s:3:"AOL";a:1:{s:7:"enabled";b:1;}s:6:"Google";a:2:{s:7:"enabled";b:1;s:4:"keys";a:2:{s:2:"id";s:72:"827634131564-jshbhbb0gu9a5bj8a0c58n2qsdtmpbhp.apps.googleusercontent.com";s:6:"secret";s:24:"7ahyVursUX5BG3YTYOZ_Wsjn";}}s:8:"Facebook";a:2:{s:7:"enabled";b:1;s:4:"keys";a:2:{s:2:"id";s:15:"715618375246168";s:6:"secret";s:32:"176cfc7f1e2190ecdc38f041788baf29";}}s:7:"Twitter";a:2:{s:7:"enabled";b:1;s:4:"keys";a:2:{s:3:"key";s:25:"2HJ6Vw7xjn4AsgM4FS3oKAQe7";s:6:"secret";s:50:"K5bNQy93sc8grLBkd5VNd336sqLLnHtzbI7gJT4NHd9Og5ge5B";}}s:4:"Live";a:2:{s:7:"enabled";b:1;s:4:"keys";a:2:{s:2:"id";s:0:"";s:6:"secret";s:0:"";}}s:7:"MySpace";a:2:{s:7:"enabled";b:1;s:4:"keys";a:2:{s:3:"key";s:0:"";s:6:"secret";s:0:"";}}s:8:"LinkedIn";a:2:{s:7:"enabled";b:1;s:4:"keys";a:2:{s:3:"key";s:14:"752mjsq4ipxjfj";s:6:"secret";s:16:"72B1M6UQ2gGkXayD";}}s:10:"Foursquare";a:2:{s:7:"enabled";b:1;s:4:"keys";a:2:{s:2:"id";s:0:"";s:6:"secret";s:0:"";}}}s:10:"debug_mode";b:1;s:10:"debug_file";s:54:"D:\xampp\htdocs\tlcom\application\/logs/hybridauth.log";s:9:"path_base";s:64:"D:\xampp\htdocs\tlcom\application\third_party\hybridauth\Hybrid/";s:14:"path_libraries";s:75:"D:\xampp\htdocs\tlcom\application\third_party\hybridauth\Hybrid/thirdparty/";s:14:"path_resources";s:74:"D:\xampp\htdocs\tlcom\application\third_party\hybridauth\Hybrid/resources/";s:14:"path_providers";s:74:"D:\xampp\htdocs\tlcom\application\third_party\hybridauth\Hybrid/Providers/";}
DEBUG -- ::1 -- 2016-07-11T06:45:16+00:00 -- Hybrid_Auth initialize. dump current session:  -- 
INFO -- ::1 -- 2016-07-11T06:45:16+00:00 -- Hybrid_Auth initialize: check if any error is stored on the endpoint...
INFO -- ::1 -- 2016-07-11T06:45:16+00:00 -- Hybrid_Auth initialize: no error found. initialization succeed.
INFO -- ::1 -- 2016-07-12T08:26:16+00:00 -- Enter Hybrid_Auth::initialize()
INFO -- ::1 -- 2016-07-12T08:26:16+00:00 -- Hybrid_Auth::initialize(). PHP version: 5.6.21
INFO -- ::1 -- 2016-07-12T08:26:16+00:00 -- Hybrid_Auth::initialize(). Hybrid_Auth version: 2.6.0
INFO -- ::1 -- 2016-07-12T08:26:16+00:00 -- Hybrid_Auth::initialize(). Hybrid_Auth called from: http://localhost/tlcom/dashboard
INFO -- ::1 -- 2016-07-12T08:26:16+00:00 -- PHP session.name diff from default PHPSESSID. http://php.net/manual/en/session.configuration.php#ini.session.name.
DEBUG -- ::1 -- 2016-07-12T08:26:16+00:00 -- Hybrid_Auth initialize. dump used config:  -- a:8:{s:8:"base_url";s:47:"http://localhost/tlcom/index.php/hauth/endpoint";s:9:"providers";a:10:{s:6:"OpenID";a:1:{s:7:"enabled";b:1;}s:5:"Yahoo";a:2:{s:7:"enabled";b:1;s:4:"keys";a:2:{s:2:"id";s:0:"";s:6:"secret";s:0:"";}}s:3:"AOL";a:1:{s:7:"enabled";b:1;}s:6:"Google";a:2:{s:7:"enabled";b:1;s:4:"keys";a:2:{s:2:"id";s:72:"827634131564-jshbhbb0gu9a5bj8a0c58n2qsdtmpbhp.apps.googleusercontent.com";s:6:"secret";s:24:"7ahyVursUX5BG3YTYOZ_Wsjn";}}s:8:"Facebook";a:2:{s:7:"enabled";b:1;s:4:"keys";a:2:{s:2:"id";s:15:"715618375246168";s:6:"secret";s:32:"176cfc7f1e2190ecdc38f041788baf29";}}s:7:"Twitter";a:2:{s:7:"enabled";b:1;s:4:"keys";a:2:{s:3:"key";s:25:"2HJ6Vw7xjn4AsgM4FS3oKAQe7";s:6:"secret";s:50:"K5bNQy93sc8grLBkd5VNd336sqLLnHtzbI7gJT4NHd9Og5ge5B";}}s:4:"Live";a:2:{s:7:"enabled";b:1;s:4:"keys";a:2:{s:2:"id";s:0:"";s:6:"secret";s:0:"";}}s:7:"MySpace";a:2:{s:7:"enabled";b:1;s:4:"keys";a:2:{s:3:"key";s:0:"";s:6:"secret";s:0:"";}}s:8:"LinkedIn";a:2:{s:7:"enabled";b:1;s:4:"keys";a:2:{s:3:"key";s:14:"752mjsq4ipxjfj";s:6:"secret";s:16:"72B1M6UQ2gGkXayD";}}s:10:"Foursquare";a:2:{s:7:"enabled";b:1;s:4:"keys";a:2:{s:2:"id";s:0:"";s:6:"secret";s:0:"";}}}s:10:"debug_mode";b:1;s:10:"debug_file";s:54:"D:\Xampp\htdocs\tlcom\application\/logs/hybridauth.log";s:9:"path_base";s:64:"D:\Xampp\htdocs\tlcom\application\third_party\hybridauth\Hybrid/";s:14:"path_libraries";s:75:"D:\Xampp\htdocs\tlcom\application\third_party\hybridauth\Hybrid/thirdparty/";s:14:"path_resources";s:74:"D:\Xampp\htdocs\tlcom\application\third_party\hybridauth\Hybrid/resources/";s:14:"path_providers";s:74:"D:\Xampp\htdocs\tlcom\application\third_party\hybridauth\Hybrid/Providers/";}
DEBUG -- ::1 -- 2016-07-12T08:26:16+00:00 -- Hybrid_Auth initialize. dump current session:  -- 
INFO -- ::1 -- 2016-07-12T08:26:16+00:00 -- Hybrid_Auth initialize: check if any error is stored on the endpoint...
INFO -- ::1 -- 2016-07-12T08:26:16+00:00 -- Hybrid_Auth initialize: no error found. initialization succeed.
INFO -- ::1 -- 2016-07-13T04:36:25+00:00 -- Enter Hybrid_Auth::initialize()
INFO -- ::1 -- 2016-07-13T04:36:25+00:00 -- Hybrid_Auth::initialize(). PHP version: 5.6.21
INFO -- ::1 -- 2016-07-13T04:36:25+00:00 -- Hybrid_Auth::initialize(). Hybrid_Auth version: 2.6.0
INFO -- ::1 -- 2016-07-13T04:36:25+00:00 -- Hybrid_Auth::initialize(). Hybrid_Auth called from: http://localhost/tlcom/dashboard
INFO -- ::1 -- 2016-07-13T04:36:25+00:00 -- PHP session.name diff from default PHPSESSID. http://php.net/manual/en/session.configuration.php#ini.session.name.
DEBUG -- ::1 -- 2016-07-13T04:36:25+00:00 -- Hybrid_Auth initialize. dump used config:  -- a:8:{s:8:"base_url";s:47:"http://localhost/tlcom/index.php/hauth/endpoint";s:9:"providers";a:10:{s:6:"OpenID";a:1:{s:7:"enabled";b:1;}s:5:"Yahoo";a:2:{s:7:"enabled";b:1;s:4:"keys";a:2:{s:2:"id";s:0:"";s:6:"secret";s:0:"";}}s:3:"AOL";a:1:{s:7:"enabled";b:1;}s:6:"Google";a:2:{s:7:"enabled";b:1;s:4:"keys";a:2:{s:2:"id";s:72:"827634131564-jshbhbb0gu9a5bj8a0c58n2qsdtmpbhp.apps.googleusercontent.com";s:6:"secret";s:24:"7ahyVursUX5BG3YTYOZ_Wsjn";}}s:8:"Facebook";a:2:{s:7:"enabled";b:1;s:4:"keys";a:2:{s:2:"id";s:15:"715618375246168";s:6:"secret";s:32:"176cfc7f1e2190ecdc38f041788baf29";}}s:7:"Twitter";a:2:{s:7:"enabled";b:1;s:4:"keys";a:2:{s:3:"key";s:25:"2HJ6Vw7xjn4AsgM4FS3oKAQe7";s:6:"secret";s:50:"K5bNQy93sc8grLBkd5VNd336sqLLnHtzbI7gJT4NHd9Og5ge5B";}}s:4:"Live";a:2:{s:7:"enabled";b:1;s:4:"keys";a:2:{s:2:"id";s:0:"";s:6:"secret";s:0:"";}}s:7:"MySpace";a:2:{s:7:"enabled";b:1;s:4:"keys";a:2:{s:3:"key";s:0:"";s:6:"secret";s:0:"";}}s:8:"LinkedIn";a:2:{s:7:"enabled";b:1;s:4:"keys";a:2:{s:3:"key";s:14:"752mjsq4ipxjfj";s:6:"secret";s:16:"72B1M6UQ2gGkXayD";}}s:10:"Foursquare";a:2:{s:7:"enabled";b:1;s:4:"keys";a:2:{s:2:"id";s:0:"";s:6:"secret";s:0:"";}}}s:10:"debug_mode";b:1;s:10:"debug_file";s:54:"D:\Xampp\htdocs\tlcom\application\/logs/hybridauth.log";s:9:"path_base";s:64:"D:\Xampp\htdocs\tlcom\application\third_party\hybridauth\Hybrid/";s:14:"path_libraries";s:75:"D:\Xampp\htdocs\tlcom\application\third_party\hybridauth\Hybrid/thirdparty/";s:14:"path_resources";s:74:"D:\Xampp\htdocs\tlcom\application\third_party\hybridauth\Hybrid/resources/";s:14:"path_providers";s:74:"D:\Xampp\htdocs\tlcom\application\third_party\hybridauth\Hybrid/Providers/";}
DEBUG -- ::1 -- 2016-07-13T04:36:25+00:00 -- Hybrid_Auth initialize. dump current session:  -- 
INFO -- ::1 -- 2016-07-13T04:36:25+00:00 -- Hybrid_Auth initialize: check if any error is stored on the endpoint...
INFO -- ::1 -- 2016-07-13T04:36:25+00:00 -- Hybrid_Auth initialize: no error found. initialization succeed.
INFO -- ::1 -- 2016-07-13T07:32:42+00:00 -- Enter Hybrid_Auth::initialize()
INFO -- ::1 -- 2016-07-13T07:32:42+00:00 -- Hybrid_Auth::initialize(). PHP version: 5.6.21
INFO -- ::1 -- 2016-07-13T07:32:42+00:00 -- Hybrid_Auth::initialize(). Hybrid_Auth version: 2.6.0
INFO -- ::1 -- 2016-07-13T07:32:42+00:00 -- Hybrid_Auth::initialize(). Hybrid_Auth called from: http://localhost/tlcom/dashboard
INFO -- ::1 -- 2016-07-13T07:32:42+00:00 -- PHP session.name diff from default PHPSESSID. http://php.net/manual/en/session.configuration.php#ini.session.name.
DEBUG -- ::1 -- 2016-07-13T07:32:42+00:00 -- Hybrid_Auth initialize. dump used config:  -- a:8:{s:8:"base_url";s:47:"http://localhost/tlcom/index.php/hauth/endpoint";s:9:"providers";a:10:{s:6:"OpenID";a:1:{s:7:"enabled";b:1;}s:5:"Yahoo";a:2:{s:7:"enabled";b:1;s:4:"keys";a:2:{s:2:"id";s:0:"";s:6:"secret";s:0:"";}}s:3:"AOL";a:1:{s:7:"enabled";b:1;}s:6:"Google";a:2:{s:7:"enabled";b:1;s:4:"keys";a:2:{s:2:"id";s:72:"827634131564-jshbhbb0gu9a5bj8a0c58n2qsdtmpbhp.apps.googleusercontent.com";s:6:"secret";s:24:"7ahyVursUX5BG3YTYOZ_Wsjn";}}s:8:"Facebook";a:2:{s:7:"enabled";b:1;s:4:"keys";a:2:{s:2:"id";s:15:"715618375246168";s:6:"secret";s:32:"176cfc7f1e2190ecdc38f041788baf29";}}s:7:"Twitter";a:2:{s:7:"enabled";b:1;s:4:"keys";a:2:{s:3:"key";s:25:"2HJ6Vw7xjn4AsgM4FS3oKAQe7";s:6:"secret";s:50:"K5bNQy93sc8grLBkd5VNd336sqLLnHtzbI7gJT4NHd9Og5ge5B";}}s:4:"Live";a:2:{s:7:"enabled";b:1;s:4:"keys";a:2:{s:2:"id";s:0:"";s:6:"secret";s:0:"";}}s:7:"MySpace";a:2:{s:7:"enabled";b:1;s:4:"keys";a:2:{s:3:"key";s:0:"";s:6:"secret";s:0:"";}}s:8:"LinkedIn";a:2:{s:7:"enabled";b:1;s:4:"keys";a:2:{s:3:"key";s:14:"752mjsq4ipxjfj";s:6:"secret";s:16:"72B1M6UQ2gGkXayD";}}s:10:"Foursquare";a:2:{s:7:"enabled";b:1;s:4:"keys";a:2:{s:2:"id";s:0:"";s:6:"secret";s:0:"";}}}s:10:"debug_mode";b:1;s:10:"debug_file";s:54:"D:\Xampp\htdocs\tlcom\application\/logs/hybridauth.log";s:9:"path_base";s:64:"D:\Xampp\htdocs\tlcom\application\third_party\hybridauth\Hybrid/";s:14:"path_libraries";s:75:"D:\Xampp\htdocs\tlcom\application\third_party\hybridauth\Hybrid/thirdparty/";s:14:"path_resources";s:74:"D:\Xampp\htdocs\tlcom\application\third_party\hybridauth\Hybrid/resources/";s:14:"path_providers";s:74:"D:\Xampp\htdocs\tlcom\application\third_party\hybridauth\Hybrid/Providers/";}
DEBUG -- ::1 -- 2016-07-13T07:32:42+00:00 -- Hybrid_Auth initialize. dump current session:  -- 
INFO -- ::1 -- 2016-07-13T07:32:42+00:00 -- Hybrid_Auth initialize: check if any error is stored on the endpoint...
INFO -- ::1 -- 2016-07-13T07:32:42+00:00 -- Hybrid_Auth initialize: no error found. initialization succeed.
INFO -- ::1 -- 2016-07-13T07:32:47+00:00 -- Enter Hybrid_Auth::initialize()
INFO -- ::1 -- 2016-07-13T07:32:47+00:00 -- Hybrid_Auth::initialize(). PHP version: 5.6.21
INFO -- ::1 -- 2016-07-13T07:32:47+00:00 -- Hybrid_Auth::initialize(). Hybrid_Auth version: 2.6.0
INFO -- ::1 -- 2016-07-13T07:32:47+00:00 -- Hybrid_Auth::initialize(). Hybrid_Auth called from: http://localhost/tlcom/viewcategories
INFO -- ::1 -- 2016-07-13T07:32:47+00:00 -- PHP session.name diff from default PHPSESSID. http://php.net/manual/en/session.configuration.php#ini.session.name.
DEBUG -- ::1 -- 2016-07-13T07:32:47+00:00 -- Hybrid_Auth initialize. dump used config:  -- a:8:{s:8:"base_url";s:47:"http://localhost/tlcom/index.php/hauth/endpoint";s:9:"providers";a:10:{s:6:"OpenID";a:1:{s:7:"enabled";b:1;}s:5:"Yahoo";a:2:{s:7:"enabled";b:1;s:4:"keys";a:2:{s:2:"id";s:0:"";s:6:"secret";s:0:"";}}s:3:"AOL";a:1:{s:7:"enabled";b:1;}s:6:"Google";a:2:{s:7:"enabled";b:1;s:4:"keys";a:2:{s:2:"id";s:72:"827634131564-jshbhbb0gu9a5bj8a0c58n2qsdtmpbhp.apps.googleusercontent.com";s:6:"secret";s:24:"7ahyVursUX5BG3YTYOZ_Wsjn";}}s:8:"Facebook";a:2:{s:7:"enabled";b:1;s:4:"keys";a:2:{s:2:"id";s:15:"715618375246168";s:6:"secret";s:32:"176cfc7f1e2190ecdc38f041788baf29";}}s:7:"Twitter";a:2:{s:7:"enabled";b:1;s:4:"keys";a:2:{s:3:"key";s:25:"2HJ6Vw7xjn4AsgM4FS3oKAQe7";s:6:"secret";s:50:"K5bNQy93sc8grLBkd5VNd336sqLLnHtzbI7gJT4NHd9Og5ge5B";}}s:4:"Live";a:2:{s:7:"enabled";b:1;s:4:"keys";a:2:{s:2:"id";s:0:"";s:6:"secret";s:0:"";}}s:7:"MySpace";a:2:{s:7:"enabled";b:1;s:4:"keys";a:2:{s:3:"key";s:0:"";s:6:"secret";s:0:"";}}s:8:"LinkedIn";a:2:{s:7:"enabled";b:1;s:4:"keys";a:2:{s:3:"key";s:14:"752mjsq4ipxjfj";s:6:"secret";s:16:"72B1M6UQ2gGkXayD";}}s:10:"Foursquare";a:2:{s:7:"enabled";b:1;s:4:"keys";a:2:{s:2:"id";s:0:"";s:6:"secret";s:0:"";}}}s:10:"debug_mode";b:1;s:10:"debug_file";s:54:"D:\Xampp\htdocs\tlcom\application\/logs/hybridauth.log";s:9:"path_base";s:64:"D:\Xampp\htdocs\tlcom\application\third_party\hybridauth\Hybrid/";s:14:"path_libraries";s:75:"D:\Xampp\htdocs\tlcom\application\third_party\hybridauth\Hybrid/thirdparty/";s:14:"path_resources";s:74:"D:\Xampp\htdocs\tlcom\application\third_party\hybridauth\Hybrid/resources/";s:14:"path_providers";s:74:"D:\Xampp\htdocs\tlcom\application\third_party\hybridauth\Hybrid/Providers/";}
DEBUG -- ::1 -- 2016-07-13T07:32:47+00:00 -- Hybrid_Auth initialize. dump current session:  -- 
INFO -- ::1 -- 2016-07-13T07:32:47+00:00 -- Hybrid_Auth initialize: check if any error is stored on the endpoint...
INFO -- ::1 -- 2016-07-13T07:32:47+00:00 -- Hybrid_Auth initialize: no error found. initialization succeed.
INFO -- ::1 -- 2016-07-13T07:33:13+00:00 -- Enter Hybrid_Auth::initialize()
INFO -- ::1 -- 2016-07-13T07:33:13+00:00 -- Hybrid_Auth::initialize(). PHP version: 5.6.21
INFO -- ::1 -- 2016-07-13T07:33:13+00:00 -- Hybrid_Auth::initialize(). Hybrid_Auth version: 2.6.0
INFO -- ::1 -- 2016-07-13T07:33:13+00:00 -- Hybrid_Auth::initialize(). Hybrid_Auth called from: http://localhost/tlcom/social_login
INFO -- ::1 -- 2016-07-13T07:33:13+00:00 -- PHP session.name diff from default PHPSESSID. http://php.net/manual/en/session.configuration.php#ini.session.name.
DEBUG -- ::1 -- 2016-07-13T07:33:13+00:00 -- Hybrid_Auth initialize. dump used config:  -- a:8:{s:8:"base_url";s:47:"http://localhost/tlcom/index.php/hauth/endpoint";s:9:"providers";a:10:{s:6:"OpenID";a:1:{s:7:"enabled";b:1;}s:5:"Yahoo";a:2:{s:7:"enabled";b:1;s:4:"keys";a:2:{s:2:"id";s:0:"";s:6:"secret";s:0:"";}}s:3:"AOL";a:1:{s:7:"enabled";b:1;}s:6:"Google";a:2:{s:7:"enabled";b:1;s:4:"keys";a:2:{s:2:"id";s:72:"827634131564-jshbhbb0gu9a5bj8a0c58n2qsdtmpbhp.apps.googleusercontent.com";s:6:"secret";s:24:"7ahyVursUX5BG3YTYOZ_Wsjn";}}s:8:"Facebook";a:2:{s:7:"enabled";b:1;s:4:"keys";a:2:{s:2:"id";s:15:"715618375246168";s:6:"secret";s:32:"176cfc7f1e2190ecdc38f041788baf29";}}s:7:"Twitter";a:2:{s:7:"enabled";b:1;s:4:"keys";a:2:{s:3:"key";s:25:"2HJ6Vw7xjn4AsgM4FS3oKAQe7";s:6:"secret";s:50:"K5bNQy93sc8grLBkd5VNd336sqLLnHtzbI7gJT4NHd9Og5ge5B";}}s:4:"Live";a:2:{s:7:"enabled";b:1;s:4:"keys";a:2:{s:2:"id";s:0:"";s:6:"secret";s:0:"";}}s:7:"MySpace";a:2:{s:7:"enabled";b:1;s:4:"keys";a:2:{s:3:"key";s:0:"";s:6:"secret";s:0:"";}}s:8:"LinkedIn";a:2:{s:7:"enabled";b:1;s:4:"keys";a:2:{s:3:"key";s:14:"752mjsq4ipxjfj";s:6:"secret";s:16:"72B1M6UQ2gGkXayD";}}s:10:"Foursquare";a:2:{s:7:"enabled";b:1;s:4:"keys";a:2:{s:2:"id";s:0:"";s:6:"secret";s:0:"";}}}s:10:"debug_mode";b:1;s:10:"debug_file";s:54:"D:\Xampp\htdocs\tlcom\application\/logs/hybridauth.log";s:9:"path_base";s:64:"D:\Xampp\htdocs\tlcom\application\third_party\hybridauth\Hybrid/";s:14:"path_libraries";s:75:"D:\Xampp\htdocs\tlcom\application\third_party\hybridauth\Hybrid/thirdparty/";s:14:"path_resources";s:74:"D:\Xampp\htdocs\tlcom\application\third_party\hybridauth\Hybrid/resources/";s:14:"path_providers";s:74:"D:\Xampp\htdocs\tlcom\application\third_party\hybridauth\Hybrid/Providers/";}
DEBUG -- ::1 -- 2016-07-13T07:33:13+00:00 -- Hybrid_Auth initialize. dump current session:  -- 
INFO -- ::1 -- 2016-07-13T07:33:13+00:00 -- Hybrid_Auth initialize: check if any error is stored on the endpoint...
INFO -- ::1 -- 2016-07-13T07:33:13+00:00 -- Hybrid_Auth initialize: no error found. initialization succeed.
INFO -- ::1 -- 2016-07-13T07:33:13+00:00 -- Enter Hybrid_Auth::getAdapter( Facebook )
DEBUG -- ::1 -- 2016-07-13T07:33:13+00:00 -- Enter Hybrid_Auth::setup( Facebook ) -- 
DEBUG -- ::1 -- 2016-07-13T07:33:13+00:00 -- Hybrid_Auth::setup( Facebook ), no params given. Trying to get the stored for this provider. -- 
INFO -- ::1 -- 2016-07-13T07:33:13+00:00 -- Hybrid_Auth::setup( Facebook ), no stored params found for this provider. Initialize a new one for new session
DEBUG -- ::1 -- 2016-07-13T07:33:13+00:00 -- Hybrid_Auth::setup( Facebook ). HybridAuth Callback URL set to:  -- http://localhost/tlcom/social_login
INFO -- ::1 -- 2016-07-13T07:33:13+00:00 -- Enter Hybrid_Provider_Adapter::factory( Facebook )
DEBUG -- ::1 -- 2016-07-13T07:33:14+00:00 -- Hybrid_Provider_Model::__construct( Facebook ) initialized. dump current adapter instance:  -- O:25:"Hybrid_Providers_Facebook":8:{s:5:"scope";s:150:"email, user_about_me, user_birthday, user_hometown, user_location, user_website, publish_pages, publish_actions, read_custom_friendlists, manage_pages";s:3:"api";O:8:"Facebook":11:{s:18:" * sharedSessionID";N;s:11:" * response";N;s:8:" * appId";s:15:"715618375246168";s:12:" * appSecret";s:32:"176cfc7f1e2190ecdc38f041788baf29";s:7:" * user";i:0;s:16:" * signedRequest";N;s:8:" * state";N;s:14:" * accessToken";N;s:20:" * fileUploadSupport";b:0;s:17:" * trustForwarded";b:0;s:21:" * allowSignedRequest";b:1;}s:10:"providerId";s:8:"Facebook";s:6:"config";a:2:{s:7:"enabled";b:1;s:4:"keys";a:2:{s:2:"id";s:15:"715618375246168";s:6:"secret";s:32:"176cfc7f1e2190ecdc38f041788baf29";}}s:6:"params";a:1:{s:15:"hauth_return_to";s:35:"http://localhost/tlcom/social_login";}s:8:"endpoint";N;s:4:"user";O:11:"Hybrid_User":3:{s:10:"providerId";s:8:"Facebook";s:9:"timestamp";i:1468395193;s:7:"profile";O:19:"Hybrid_User_Profile":22:{s:10:"identifier";N;s:10:"webSiteURL";N;s:10:"profileURL";N;s:8:"photoURL";N;s:11:"displayName";N;s:11:"description";N;s:9:"firstName";N;s:8:"lastName";N;s:6:"gender";N;s:8:"language";N;s:3:"age";N;s:8:"birthDay";N;s:10:"birthMonth";N;s:9:"birthYear";N;s:5:"email";N;s:13:"emailVerified";N;s:5:"phone";N;s:7:"address";N;s:7:"country";N;s:6:"region";N;s:4:"city";N;s:3:"zip";N;}}s:10:"compressed";b:0;}
INFO -- ::1 -- 2016-07-13T07:33:14+00:00 -- Enter Hybrid_Auth::authenticate( Facebook )
INFO -- ::1 -- 2016-07-13T07:33:14+00:00 -- Hybrid_Auth::authenticate( Facebook ), User is already connected to this provider. Return the adapter instance.
INFO -- ::1 -- 2016-07-13T07:33:14+00:00 -- Enter Hybrid_Auth::getAdapter( Facebook )
DEBUG -- ::1 -- 2016-07-13T07:33:14+00:00 -- Enter Hybrid_Auth::setup( Facebook ) -- 
DEBUG -- ::1 -- 2016-07-13T07:33:14+00:00 -- Hybrid_Auth::setup( Facebook ), no params given. Trying to get the stored for this provider. -- 
INFO -- ::1 -- 2016-07-13T07:33:14+00:00 -- Hybrid_Auth::setup( Facebook ), no stored params found for this provider. Initialize a new one for new session
DEBUG -- ::1 -- 2016-07-13T07:33:14+00:00 -- Hybrid_Auth::setup( Facebook ). HybridAuth Callback URL set to:  -- http://localhost/tlcom/social_login
INFO -- ::1 -- 2016-07-13T07:33:14+00:00 -- Enter Hybrid_Provider_Adapter::factory( Facebook )
DEBUG -- ::1 -- 2016-07-13T07:33:16+00:00 -- Hybrid_Provider_Model::__construct( Facebook ) initialized. dump current adapter instance:  -- O:25:"Hybrid_Providers_Facebook":8:{s:5:"scope";s:150:"email, user_about_me, user_birthday, user_hometown, user_location, user_website, publish_pages, publish_actions, read_custom_friendlists, manage_pages";s:3:"api";O:8:"Facebook":11:{s:18:" * sharedSessionID";N;s:11:" * response";N;s:8:" * appId";s:15:"715618375246168";s:12:" * appSecret";s:32:"176cfc7f1e2190ecdc38f041788baf29";s:7:" * user";i:0;s:16:" * signedRequest";N;s:8:" * state";N;s:14:" * accessToken";N;s:20:" * fileUploadSupport";b:0;s:17:" * trustForwarded";b:0;s:21:" * allowSignedRequest";b:1;}s:10:"providerId";s:8:"Facebook";s:6:"config";a:2:{s:7:"enabled";b:1;s:4:"keys";a:2:{s:2:"id";s:15:"715618375246168";s:6:"secret";s:32:"176cfc7f1e2190ecdc38f041788baf29";}}s:6:"params";a:1:{s:15:"hauth_return_to";s:35:"http://localhost/tlcom/social_login";}s:8:"endpoint";N;s:4:"user";O:11:"Hybrid_User":3:{s:10:"providerId";s:8:"Facebook";s:9:"timestamp";i:1468395194;s:7:"profile";O:19:"Hybrid_User_Profile":22:{s:10:"identifier";N;s:10:"webSiteURL";N;s:10:"profileURL";N;s:8:"photoURL";N;s:11:"displayName";N;s:11:"description";N;s:9:"firstName";N;s:8:"lastName";N;s:6:"gender";N;s:8:"language";N;s:3:"age";N;s:8:"birthDay";N;s:10:"birthMonth";N;s:9:"birthYear";N;s:5:"email";N;s:13:"emailVerified";N;s:5:"phone";N;s:7:"address";N;s:7:"country";N;s:6:"region";N;s:4:"city";N;s:3:"zip";N;}}s:10:"compressed";b:0;}
INFO -- ::1 -- 2016-07-13T07:33:16+00:00 -- Enter Hybrid_Provider_Adapter::getUserProfile(), Provider: Facebook
INFO -- ::1 -- 2016-07-13T07:33:19+00:00 -- Enter Hybrid_Auth::initialize()
INFO -- ::1 -- 2016-07-13T07:33:19+00:00 -- Hybrid_Auth::initialize(). PHP version: 5.6.21
INFO -- ::1 -- 2016-07-13T07:33:19+00:00 -- Hybrid_Auth::initialize(). Hybrid_Auth version: 2.6.0
INFO -- ::1 -- 2016-07-13T07:33:19+00:00 -- Hybrid_Auth::initialize(). Hybrid_Auth called from: http://localhost/tlcom/hauth/login/Facebook
INFO -- ::1 -- 2016-07-13T07:33:19+00:00 -- PHP session.name diff from default PHPSESSID. http://php.net/manual/en/session.configuration.php#ini.session.name.
DEBUG -- ::1 -- 2016-07-13T07:33:19+00:00 -- Hybrid_Auth initialize. dump used config:  -- a:8:{s:8:"base_url";s:47:"http://localhost/tlcom/index.php/hauth/endpoint";s:9:"providers";a:10:{s:6:"OpenID";a:1:{s:7:"enabled";b:1;}s:5:"Yahoo";a:2:{s:7:"enabled";b:1;s:4:"keys";a:2:{s:2:"id";s:0:"";s:6:"secret";s:0:"";}}s:3:"AOL";a:1:{s:7:"enabled";b:1;}s:6:"Google";a:2:{s:7:"enabled";b:1;s:4:"keys";a:2:{s:2:"id";s:72:"827634131564-jshbhbb0gu9a5bj8a0c58n2qsdtmpbhp.apps.googleusercontent.com";s:6:"secret";s:24:"7ahyVursUX5BG3YTYOZ_Wsjn";}}s:8:"Facebook";a:2:{s:7:"enabled";b:1;s:4:"keys";a:2:{s:2:"id";s:15:"715618375246168";s:6:"secret";s:32:"176cfc7f1e2190ecdc38f041788baf29";}}s:7:"Twitter";a:2:{s:7:"enabled";b:1;s:4:"keys";a:2:{s:3:"key";s:25:"2HJ6Vw7xjn4AsgM4FS3oKAQe7";s:6:"secret";s:50:"K5bNQy93sc8grLBkd5VNd336sqLLnHtzbI7gJT4NHd9Og5ge5B";}}s:4:"Live";a:2:{s:7:"enabled";b:1;s:4:"keys";a:2:{s:2:"id";s:0:"";s:6:"secret";s:0:"";}}s:7:"MySpace";a:2:{s:7:"enabled";b:1;s:4:"keys";a:2:{s:3:"key";s:0:"";s:6:"secret";s:0:"";}}s:8:"LinkedIn";a:2:{s:7:"enabled";b:1;s:4:"keys";a:2:{s:3:"key";s:14:"752mjsq4ipxjfj";s:6:"secret";s:16:"72B1M6UQ2gGkXayD";}}s:10:"Foursquare";a:2:{s:7:"enabled";b:1;s:4:"keys";a:2:{s:2:"id";s:0:"";s:6:"secret";s:0:"";}}}s:10:"debug_mode";b:1;s:10:"debug_file";s:54:"D:\Xampp\htdocs\tlcom\application\/logs/hybridauth.log";s:9:"path_base";s:64:"D:\Xampp\htdocs\tlcom\application\third_party\hybridauth\Hybrid/";s:14:"path_libraries";s:75:"D:\Xampp\htdocs\tlcom\application\third_party\hybridauth\Hybrid/thirdparty/";s:14:"path_resources";s:74:"D:\Xampp\htdocs\tlcom\application\third_party\hybridauth\Hybrid/resources/";s:14:"path_providers";s:74:"D:\Xampp\htdocs\tlcom\application\third_party\hybridauth\Hybrid/Providers/";}
DEBUG -- ::1 -- 2016-07-13T07:33:19+00:00 -- Hybrid_Auth initialize. dump current session:  -- a:2:{s:35:"hauth_session.facebook.is_logged_in";s:4:"i:1;";s:41:"hauth_session.facebook.token.access_token";s:192:"s:183:"EAAKK2eMNIVgBAD9hujJw8QnNCiJ2lLY5GY2eQSFS1jeXfmC0MlNKpGNItGOWd2RlbAMnReLm7Ru1gSUg05SCyLfoS4EYgRlFquNxwnKec3xYQp1QuGimbsZCpSU5wZBIH2YBZBXib8FYbHjaxnY0ffX8oPZAe4NZCt94NOe1AFd12YYS2fZBua";";}
INFO -- ::1 -- 2016-07-13T07:33:19+00:00 -- Hybrid_Auth initialize: check if any error is stored on the endpoint...
INFO -- ::1 -- 2016-07-13T07:33:19+00:00 -- Hybrid_Auth initialize: no error found. initialization succeed.
INFO -- ::1 -- 2016-07-13T07:33:19+00:00 -- Enter Hybrid_Auth::initialize()
INFO -- ::1 -- 2016-07-13T07:33:19+00:00 -- Hybrid_Auth::initialize(). PHP version: 5.6.21
INFO -- ::1 -- 2016-07-13T07:33:19+00:00 -- Hybrid_Auth::initialize(). Hybrid_Auth version: 2.6.0
INFO -- ::1 -- 2016-07-13T07:33:19+00:00 -- Hybrid_Auth::initialize(). Hybrid_Auth called from: http://localhost/tlcom/social_login
INFO -- ::1 -- 2016-07-13T07:33:19+00:00 -- PHP session.name diff from default PHPSESSID. http://php.net/manual/en/session.configuration.php#ini.session.name.
DEBUG -- ::1 -- 2016-07-13T07:33:19+00:00 -- Hybrid_Auth initialize. dump used config:  -- a:8:{s:8:"base_url";s:47:"http://localhost/tlcom/index.php/hauth/endpoint";s:9:"providers";a:10:{s:6:"OpenID";a:1:{s:7:"enabled";b:1;}s:5:"Yahoo";a:2:{s:7:"enabled";b:1;s:4:"keys";a:2:{s:2:"id";s:0:"";s:6:"secret";s:0:"";}}s:3:"AOL";a:1:{s:7:"enabled";b:1;}s:6:"Google";a:2:{s:7:"enabled";b:1;s:4:"keys";a:2:{s:2:"id";s:72:"827634131564-jshbhbb0gu9a5bj8a0c58n2qsdtmpbhp.apps.googleusercontent.com";s:6:"secret";s:24:"7ahyVursUX5BG3YTYOZ_Wsjn";}}s:8:"Facebook";a:2:{s:7:"enabled";b:1;s:4:"keys";a:2:{s:2:"id";s:15:"715618375246168";s:6:"secret";s:32:"176cfc7f1e2190ecdc38f041788baf29";}}s:7:"Twitter";a:2:{s:7:"enabled";b:1;s:4:"keys";a:2:{s:3:"key";s:25:"2HJ6Vw7xjn4AsgM4FS3oKAQe7";s:6:"secret";s:50:"K5bNQy93sc8grLBkd5VNd336sqLLnHtzbI7gJT4NHd9Og5ge5B";}}s:4:"Live";a:2:{s:7:"enabled";b:1;s:4:"keys";a:2:{s:2:"id";s:0:"";s:6:"secret";s:0:"";}}s:7:"MySpace";a:2:{s:7:"enabled";b:1;s:4:"keys";a:2:{s:3:"key";s:0:"";s:6:"secret";s:0:"";}}s:8:"LinkedIn";a:2:{s:7:"enabled";b:1;s:4:"keys";a:2:{s:3:"key";s:14:"752mjsq4ipxjfj";s:6:"secret";s:16:"72B1M6UQ2gGkXayD";}}s:10:"Foursquare";a:2:{s:7:"enabled";b:1;s:4:"keys";a:2:{s:2:"id";s:0:"";s:6:"secret";s:0:"";}}}s:10:"debug_mode";b:1;s:10:"debug_file";s:54:"D:\Xampp\htdocs\tlcom\application\/logs/hybridauth.log";s:9:"path_base";s:64:"D:\Xampp\htdocs\tlcom\application\third_party\hybridauth\Hybrid/";s:14:"path_libraries";s:75:"D:\Xampp\htdocs\tlcom\application\third_party\hybridauth\Hybrid/thirdparty/";s:14:"path_resources";s:74:"D:\Xampp\htdocs\tlcom\application\third_party\hybridauth\Hybrid/resources/";s:14:"path_providers";s:74:"D:\Xampp\htdocs\tlcom\application\third_party\hybridauth\Hybrid/Providers/";}
DEBUG -- ::1 -- 2016-07-13T07:33:19+00:00 -- Hybrid_Auth initialize. dump current session:  -- a:2:{s:35:"hauth_session.facebook.is_logged_in";s:4:"i:1;";s:41:"hauth_session.facebook.token.access_token";s:192:"s:183:"EAAKK2eMNIVgBAD9hujJw8QnNCiJ2lLY5GY2eQSFS1jeXfmC0MlNKpGNItGOWd2RlbAMnReLm7Ru1gSUg05SCyLfoS4EYgRlFquNxwnKec3xYQp1QuGimbsZCpSU5wZBIH2YBZBXib8FYbHjaxnY0ffX8oPZAe4NZCt94NOe1AFd12YYS2fZBua";";}
INFO -- ::1 -- 2016-07-13T07:33:19+00:00 -- Hybrid_Auth initialize: check if any error is stored on the endpoint...
INFO -- ::1 -- 2016-07-13T07:33:19+00:00 -- Hybrid_Auth initialize: no error found. initialization succeed.
INFO -- ::1 -- 2016-07-13T07:33:19+00:00 -- Enter Hybrid_Auth::getAdapter( Facebook )
DEBUG -- ::1 -- 2016-07-13T07:33:19+00:00 -- Enter Hybrid_Auth::setup( Facebook ) -- 
DEBUG -- ::1 -- 2016-07-13T07:33:19+00:00 -- Hybrid_Auth::setup( Facebook ), no params given. Trying to get the stored for this provider. -- 
INFO -- ::1 -- 2016-07-13T07:33:19+00:00 -- Hybrid_Auth::setup( Facebook ), no stored params found for this provider. Initialize a new one for new session
DEBUG -- ::1 -- 2016-07-13T07:33:19+00:00 -- Hybrid_Auth::setup( Facebook ). HybridAuth Callback URL set to:  -- http://localhost/tlcom/social_login
INFO -- ::1 -- 2016-07-13T07:33:19+00:00 -- Enter Hybrid_Provider_Adapter::factory( Facebook )
DEBUG -- ::1 -- 2016-07-13T07:33:21+00:00 -- Hybrid_Provider_Model::__construct( Facebook ) initialized. dump current adapter instance:  -- O:25:"Hybrid_Providers_Facebook":8:{s:5:"scope";s:150:"email, user_about_me, user_birthday, user_hometown, user_location, user_website, publish_pages, publish_actions, read_custom_friendlists, manage_pages";s:3:"api";O:8:"Facebook":11:{s:18:" * sharedSessionID";N;s:11:" * response";N;s:8:" * appId";s:15:"715618375246168";s:12:" * appSecret";s:32:"176cfc7f1e2190ecdc38f041788baf29";s:7:" * user";i:0;s:16:" * signedRequest";N;s:8:" * state";N;s:14:" * accessToken";N;s:20:" * fileUploadSupport";b:0;s:17:" * trustForwarded";b:0;s:21:" * allowSignedRequest";b:1;}s:10:"providerId";s:8:"Facebook";s:6:"config";a:2:{s:7:"enabled";b:1;s:4:"keys";a:2:{s:2:"id";s:15:"715618375246168";s:6:"secret";s:32:"176cfc7f1e2190ecdc38f041788baf29";}}s:6:"params";a:1:{s:15:"hauth_return_to";s:35:"http://localhost/tlcom/social_login";}s:8:"endpoint";N;s:4:"user";O:11:"Hybrid_User":3:{s:10:"providerId";s:8:"Facebook";s:9:"timestamp";i:1468395199;s:7:"profile";O:19:"Hybrid_User_Profile":22:{s:10:"identifier";N;s:10:"webSiteURL";N;s:10:"profileURL";N;s:8:"photoURL";N;s:11:"displayName";N;s:11:"description";N;s:9:"firstName";N;s:8:"lastName";N;s:6:"gender";N;s:8:"language";N;s:3:"age";N;s:8:"birthDay";N;s:10:"birthMonth";N;s:9:"birthYear";N;s:5:"email";N;s:13:"emailVerified";N;s:5:"phone";N;s:7:"address";N;s:7:"country";N;s:6:"region";N;s:4:"city";N;s:3:"zip";N;}}s:10:"compressed";b:0;}
INFO -- ::1 -- 2016-07-13T07:33:21+00:00 -- Enter Hybrid_Auth::authenticate( Facebook )
INFO -- ::1 -- 2016-07-13T07:33:21+00:00 -- Hybrid_Auth::authenticate( Facebook ), User is already connected to this provider. Return the adapter instance.
INFO -- ::1 -- 2016-07-13T07:33:21+00:00 -- Enter Hybrid_Auth::getAdapter( Facebook )
DEBUG -- ::1 -- 2016-07-13T07:33:21+00:00 -- Enter Hybrid_Auth::setup( Facebook ) -- 
DEBUG -- ::1 -- 2016-07-13T07:33:21+00:00 -- Hybrid_Auth::setup( Facebook ), no params given. Trying to get the stored for this provider. -- 
INFO -- ::1 -- 2016-07-13T07:33:21+00:00 -- Hybrid_Auth::setup( Facebook ), no stored params found for this provider. Initialize a new one for new session
DEBUG -- ::1 -- 2016-07-13T07:33:21+00:00 -- Hybrid_Auth::setup( Facebook ). HybridAuth Callback URL set to:  -- http://localhost/tlcom/social_login
INFO -- ::1 -- 2016-07-13T07:33:21+00:00 -- Enter Hybrid_Provider_Adapter::factory( Facebook )
DEBUG -- ::1 -- 2016-07-13T07:33:22+00:00 -- Hybrid_Provider_Model::__construct( Facebook ) initialized. dump current adapter instance:  -- O:25:"Hybrid_Providers_Facebook":8:{s:5:"scope";s:150:"email, user_about_me, user_birthday, user_hometown, user_location, user_website, publish_pages, publish_actions, read_custom_friendlists, manage_pages";s:3:"api";O:8:"Facebook":11:{s:18:" * sharedSessionID";N;s:11:" * response";N;s:8:" * appId";s:15:"715618375246168";s:12:" * appSecret";s:32:"176cfc7f1e2190ecdc38f041788baf29";s:7:" * user";i:0;s:16:" * signedRequest";N;s:8:" * state";N;s:14:" * accessToken";N;s:20:" * fileUploadSupport";b:0;s:17:" * trustForwarded";b:0;s:21:" * allowSignedRequest";b:1;}s:10:"providerId";s:8:"Facebook";s:6:"config";a:2:{s:7:"enabled";b:1;s:4:"keys";a:2:{s:2:"id";s:15:"715618375246168";s:6:"secret";s:32:"176cfc7f1e2190ecdc38f041788baf29";}}s:6:"params";a:1:{s:15:"hauth_return_to";s:35:"http://localhost/tlcom/social_login";}s:8:"endpoint";N;s:4:"user";O:11:"Hybrid_User":3:{s:10:"providerId";s:8:"Facebook";s:9:"timestamp";i:1468395201;s:7:"profile";O:19:"Hybrid_User_Profile":22:{s:10:"identifier";N;s:10:"webSiteURL";N;s:10:"profileURL";N;s:8:"photoURL";N;s:11:"displayName";N;s:11:"description";N;s:9:"firstName";N;s:8:"lastName";N;s:6:"gender";N;s:8:"language";N;s:3:"age";N;s:8:"birthDay";N;s:10:"birthMonth";N;s:9:"birthYear";N;s:5:"email";N;s:13:"emailVerified";N;s:5:"phone";N;s:7:"address";N;s:7:"country";N;s:6:"region";N;s:4:"city";N;s:3:"zip";N;}}s:10:"compressed";b:0;}
INFO -- ::1 -- 2016-07-13T07:33:22+00:00 -- Enter Hybrid_Provider_Adapter::getUserProfile(), Provider: Facebook
INFO -- ::1 -- 2016-07-13T12:11:11+00:00 -- Enter Hybrid_Auth::initialize()
INFO -- ::1 -- 2016-07-13T12:11:11+00:00 -- Hybrid_Auth::initialize(). PHP version: 5.6.21
INFO -- ::1 -- 2016-07-13T12:11:11+00:00 -- Hybrid_Auth::initialize(). Hybrid_Auth version: 2.6.0
INFO -- ::1 -- 2016-07-13T12:11:11+00:00 -- Hybrid_Auth::initialize(). Hybrid_Auth called from: http://localhost/tlcom/dashboard
INFO -- ::1 -- 2016-07-13T12:11:11+00:00 -- PHP session.name diff from default PHPSESSID. http://php.net/manual/en/session.configuration.php#ini.session.name.
DEBUG -- ::1 -- 2016-07-13T12:11:11+00:00 -- Hybrid_Auth initialize. dump used config:  -- a:8:{s:8:"base_url";s:47:"http://localhost/tlcom/index.php/hauth/endpoint";s:9:"providers";a:10:{s:6:"OpenID";a:1:{s:7:"enabled";b:1;}s:5:"Yahoo";a:2:{s:7:"enabled";b:1;s:4:"keys";a:2:{s:2:"id";s:0:"";s:6:"secret";s:0:"";}}s:3:"AOL";a:1:{s:7:"enabled";b:1;}s:6:"Google";a:2:{s:7:"enabled";b:1;s:4:"keys";a:2:{s:2:"id";s:72:"827634131564-jshbhbb0gu9a5bj8a0c58n2qsdtmpbhp.apps.googleusercontent.com";s:6:"secret";s:24:"7ahyVursUX5BG3YTYOZ_Wsjn";}}s:8:"Facebook";a:2:{s:7:"enabled";b:1;s:4:"keys";a:2:{s:2:"id";s:15:"715618375246168";s:6:"secret";s:32:"176cfc7f1e2190ecdc38f041788baf29";}}s:7:"Twitter";a:2:{s:7:"enabled";b:1;s:4:"keys";a:2:{s:3:"key";s:25:"2HJ6Vw7xjn4AsgM4FS3oKAQe7";s:6:"secret";s:50:"K5bNQy93sc8grLBkd5VNd336sqLLnHtzbI7gJT4NHd9Og5ge5B";}}s:4:"Live";a:2:{s:7:"enabled";b:1;s:4:"keys";a:2:{s:2:"id";s:0:"";s:6:"secret";s:0:"";}}s:7:"MySpace";a:2:{s:7:"enabled";b:1;s:4:"keys";a:2:{s:3:"key";s:0:"";s:6:"secret";s:0:"";}}s:8:"LinkedIn";a:2:{s:7:"enabled";b:1;s:4:"keys";a:2:{s:3:"key";s:14:"752mjsq4ipxjfj";s:6:"secret";s:16:"72B1M6UQ2gGkXayD";}}s:10:"Foursquare";a:2:{s:7:"enabled";b:1;s:4:"keys";a:2:{s:2:"id";s:0:"";s:6:"secret";s:0:"";}}}s:10:"debug_mode";b:1;s:10:"debug_file";s:54:"D:\Xampp\htdocs\tlcom\application\/logs/hybridauth.log";s:9:"path_base";s:64:"D:\Xampp\htdocs\tlcom\application\third_party\hybridauth\Hybrid/";s:14:"path_libraries";s:75:"D:\Xampp\htdocs\tlcom\application\third_party\hybridauth\Hybrid/thirdparty/";s:14:"path_resources";s:74:"D:\Xampp\htdocs\tlcom\application\third_party\hybridauth\Hybrid/resources/";s:14:"path_providers";s:74:"D:\Xampp\htdocs\tlcom\application\third_party\hybridauth\Hybrid/Providers/";}
DEBUG -- ::1 -- 2016-07-13T12:11:11+00:00 -- Hybrid_Auth initialize. dump current session:  -- a:2:{s:35:"hauth_session.facebook.is_logged_in";s:4:"i:1;";s:41:"hauth_session.facebook.token.access_token";s:192:"s:183:"EAAKK2eMNIVgBAD9hujJw8QnNCiJ2lLY5GY2eQSFS1jeXfmC0MlNKpGNItGOWd2RlbAMnReLm7Ru1gSUg05SCyLfoS4EYgRlFquNxwnKec3xYQp1QuGimbsZCpSU5wZBIH2YBZBXib8FYbHjaxnY0ffX8oPZAe4NZCt94NOe1AFd12YYS2fZBua";";}
INFO -- ::1 -- 2016-07-13T12:11:11+00:00 -- Hybrid_Auth initialize: check if any error is stored on the endpoint...
INFO -- ::1 -- 2016-07-13T12:11:11+00:00 -- Hybrid_Auth initialize: no error found. initialization succeed.
INFO -- ::1 -- 2016-07-16T10:43:19+00:00 -- Enter Hybrid_Auth::initialize()
INFO -- ::1 -- 2016-07-16T10:43:19+00:00 -- Hybrid_Auth::initialize(). PHP version: 5.6.21
INFO -- ::1 -- 2016-07-16T10:43:19+00:00 -- Hybrid_Auth::initialize(). Hybrid_Auth version: 2.6.0
INFO -- ::1 -- 2016-07-16T10:43:19+00:00 -- Hybrid_Auth::initialize(). Hybrid_Auth called from: http://localhost/tlcom/dashboard
INFO -- ::1 -- 2016-07-16T10:43:19+00:00 -- PHP session.name diff from default PHPSESSID. http://php.net/manual/en/session.configuration.php#ini.session.name.
DEBUG -- ::1 -- 2016-07-16T10:43:19+00:00 -- Hybrid_Auth initialize. dump used config:  -- a:8:{s:8:"base_url";s:47:"http://localhost/tlcom/index.php/hauth/endpoint";s:9:"providers";a:10:{s:6:"OpenID";a:1:{s:7:"enabled";b:1;}s:5:"Yahoo";a:2:{s:7:"enabled";b:1;s:4:"keys";a:2:{s:2:"id";s:0:"";s:6:"secret";s:0:"";}}s:3:"AOL";a:1:{s:7:"enabled";b:1;}s:6:"Google";a:2:{s:7:"enabled";b:1;s:4:"keys";a:2:{s:2:"id";s:72:"827634131564-jshbhbb0gu9a5bj8a0c58n2qsdtmpbhp.apps.googleusercontent.com";s:6:"secret";s:24:"7ahyVursUX5BG3YTYOZ_Wsjn";}}s:8:"Facebook";a:2:{s:7:"enabled";b:1;s:4:"keys";a:2:{s:2:"id";s:15:"715618375246168";s:6:"secret";s:32:"176cfc7f1e2190ecdc38f041788baf29";}}s:7:"Twitter";a:2:{s:7:"enabled";b:1;s:4:"keys";a:2:{s:3:"key";s:25:"2HJ6Vw7xjn4AsgM4FS3oKAQe7";s:6:"secret";s:50:"K5bNQy93sc8grLBkd5VNd336sqLLnHtzbI7gJT4NHd9Og5ge5B";}}s:4:"Live";a:2:{s:7:"enabled";b:1;s:4:"keys";a:2:{s:2:"id";s:0:"";s:6:"secret";s:0:"";}}s:7:"MySpace";a:2:{s:7:"enabled";b:1;s:4:"keys";a:2:{s:3:"key";s:0:"";s:6:"secret";s:0:"";}}s:8:"LinkedIn";a:2:{s:7:"enabled";b:1;s:4:"keys";a:2:{s:3:"key";s:14:"752mjsq4ipxjfj";s:6:"secret";s:16:"72B1M6UQ2gGkXayD";}}s:10:"Foursquare";a:2:{s:7:"enabled";b:1;s:4:"keys";a:2:{s:2:"id";s:0:"";s:6:"secret";s:0:"";}}}s:10:"debug_mode";b:1;s:10:"debug_file";s:54:"D:\Xampp\htdocs\tlcom\application\/logs/hybridauth.log";s:9:"path_base";s:64:"D:\Xampp\htdocs\tlcom\application\third_party\hybridauth\Hybrid/";s:14:"path_libraries";s:75:"D:\Xampp\htdocs\tlcom\application\third_party\hybridauth\Hybrid/thirdparty/";s:14:"path_resources";s:74:"D:\Xampp\htdocs\tlcom\application\third_party\hybridauth\Hybrid/resources/";s:14:"path_providers";s:74:"D:\Xampp\htdocs\tlcom\application\third_party\hybridauth\Hybrid/Providers/";}
DEBUG -- ::1 -- 2016-07-16T10:43:19+00:00 -- Hybrid_Auth initialize. dump current session:  -- 
INFO -- ::1 -- 2016-07-16T10:43:19+00:00 -- Hybrid_Auth initialize: check if any error is stored on the endpoint...
INFO -- ::1 -- 2016-07-16T10:43:19+00:00 -- Hybrid_Auth initialize: no error found. initialization succeed.
INFO -- ::1 -- 2016-07-16T10:51:45+00:00 -- Enter Hybrid_Auth::initialize()
INFO -- ::1 -- 2016-07-16T10:51:45+00:00 -- Hybrid_Auth::initialize(). PHP version: 5.6.21
INFO -- ::1 -- 2016-07-16T10:51:45+00:00 -- Hybrid_Auth::initialize(). Hybrid_Auth version: 2.6.0
INFO -- ::1 -- 2016-07-16T10:51:45+00:00 -- Hybrid_Auth::initialize(). Hybrid_Auth called from: http://localhost/tlcom/dashboard
INFO -- ::1 -- 2016-07-16T10:51:45+00:00 -- PHP session.name diff from default PHPSESSID. http://php.net/manual/en/session.configuration.php#ini.session.name.
DEBUG -- ::1 -- 2016-07-16T10:51:45+00:00 -- Hybrid_Auth initialize. dump used config:  -- a:8:{s:8:"base_url";s:47:"http://localhost/tlcom/index.php/hauth/endpoint";s:9:"providers";a:10:{s:6:"OpenID";a:1:{s:7:"enabled";b:1;}s:5:"Yahoo";a:2:{s:7:"enabled";b:1;s:4:"keys";a:2:{s:2:"id";s:0:"";s:6:"secret";s:0:"";}}s:3:"AOL";a:1:{s:7:"enabled";b:1;}s:6:"Google";a:2:{s:7:"enabled";b:1;s:4:"keys";a:2:{s:2:"id";s:72:"827634131564-jshbhbb0gu9a5bj8a0c58n2qsdtmpbhp.apps.googleusercontent.com";s:6:"secret";s:24:"7ahyVursUX5BG3YTYOZ_Wsjn";}}s:8:"Facebook";a:2:{s:7:"enabled";b:1;s:4:"keys";a:2:{s:2:"id";s:15:"715618375246168";s:6:"secret";s:32:"176cfc7f1e2190ecdc38f041788baf29";}}s:7:"Twitter";a:2:{s:7:"enabled";b:1;s:4:"keys";a:2:{s:3:"key";s:25:"2HJ6Vw7xjn4AsgM4FS3oKAQe7";s:6:"secret";s:50:"K5bNQy93sc8grLBkd5VNd336sqLLnHtzbI7gJT4NHd9Og5ge5B";}}s:4:"Live";a:2:{s:7:"enabled";b:1;s:4:"keys";a:2:{s:2:"id";s:0:"";s:6:"secret";s:0:"";}}s:7:"MySpace";a:2:{s:7:"enabled";b:1;s:4:"keys";a:2:{s:3:"key";s:0:"";s:6:"secret";s:0:"";}}s:8:"LinkedIn";a:2:{s:7:"enabled";b:1;s:4:"keys";a:2:{s:3:"key";s:14:"752mjsq4ipxjfj";s:6:"secret";s:16:"72B1M6UQ2gGkXayD";}}s:10:"Foursquare";a:2:{s:7:"enabled";b:1;s:4:"keys";a:2:{s:2:"id";s:0:"";s:6:"secret";s:0:"";}}}s:10:"debug_mode";b:1;s:10:"debug_file";s:54:"D:\Xampp\htdocs\tlcom\application\/logs/hybridauth.log";s:9:"path_base";s:64:"D:\Xampp\htdocs\tlcom\application\third_party\hybridauth\Hybrid/";s:14:"path_libraries";s:75:"D:\Xampp\htdocs\tlcom\application\third_party\hybridauth\Hybrid/thirdparty/";s:14:"path_resources";s:74:"D:\Xampp\htdocs\tlcom\application\third_party\hybridauth\Hybrid/resources/";s:14:"path_providers";s:74:"D:\Xampp\htdocs\tlcom\application\third_party\hybridauth\Hybrid/Providers/";}
DEBUG -- ::1 -- 2016-07-16T10:51:45+00:00 -- Hybrid_Auth initialize. dump current session:  -- 
INFO -- ::1 -- 2016-07-16T10:51:45+00:00 -- Hybrid_Auth initialize: check if any error is stored on the endpoint...
INFO -- ::1 -- 2016-07-16T10:51:45+00:00 -- Hybrid_Auth initialize: no error found. initialization succeed.
INFO -- ::1 -- 2016-07-16T10:53:23+00:00 -- Enter Hybrid_Auth::initialize()
INFO -- ::1 -- 2016-07-16T10:53:23+00:00 -- Hybrid_Auth::initialize(). PHP version: 5.6.21
INFO -- ::1 -- 2016-07-16T10:53:23+00:00 -- Hybrid_Auth::initialize(). Hybrid_Auth version: 2.6.0
INFO -- ::1 -- 2016-07-16T10:53:23+00:00 -- Hybrid_Auth::initialize(). Hybrid_Auth called from: http://localhost/tlcom/dashboard
INFO -- ::1 -- 2016-07-16T10:53:23+00:00 -- PHP session.name diff from default PHPSESSID. http://php.net/manual/en/session.configuration.php#ini.session.name.
DEBUG -- ::1 -- 2016-07-16T10:53:23+00:00 -- Hybrid_Auth initialize. dump used config:  -- a:8:{s:8:"base_url";s:47:"http://localhost/tlcom/index.php/hauth/endpoint";s:9:"providers";a:10:{s:6:"OpenID";a:1:{s:7:"enabled";b:1;}s:5:"Yahoo";a:2:{s:7:"enabled";b:1;s:4:"keys";a:2:{s:2:"id";s:0:"";s:6:"secret";s:0:"";}}s:3:"AOL";a:1:{s:7:"enabled";b:1;}s:6:"Google";a:2:{s:7:"enabled";b:1;s:4:"keys";a:2:{s:2:"id";s:72:"827634131564-jshbhbb0gu9a5bj8a0c58n2qsdtmpbhp.apps.googleusercontent.com";s:6:"secret";s:24:"7ahyVursUX5BG3YTYOZ_Wsjn";}}s:8:"Facebook";a:2:{s:7:"enabled";b:1;s:4:"keys";a:2:{s:2:"id";s:15:"715618375246168";s:6:"secret";s:32:"176cfc7f1e2190ecdc38f041788baf29";}}s:7:"Twitter";a:2:{s:7:"enabled";b:1;s:4:"keys";a:2:{s:3:"key";s:25:"2HJ6Vw7xjn4AsgM4FS3oKAQe7";s:6:"secret";s:50:"K5bNQy93sc8grLBkd5VNd336sqLLnHtzbI7gJT4NHd9Og5ge5B";}}s:4:"Live";a:2:{s:7:"enabled";b:1;s:4:"keys";a:2:{s:2:"id";s:0:"";s:6:"secret";s:0:"";}}s:7:"MySpace";a:2:{s:7:"enabled";b:1;s:4:"keys";a:2:{s:3:"key";s:0:"";s:6:"secret";s:0:"";}}s:8:"LinkedIn";a:2:{s:7:"enabled";b:1;s:4:"keys";a:2:{s:3:"key";s:14:"752mjsq4ipxjfj";s:6:"secret";s:16:"72B1M6UQ2gGkXayD";}}s:10:"Foursquare";a:2:{s:7:"enabled";b:1;s:4:"keys";a:2:{s:2:"id";s:0:"";s:6:"secret";s:0:"";}}}s:10:"debug_mode";b:1;s:10:"debug_file";s:54:"D:\Xampp\htdocs\tlcom\application\/logs/hybridauth.log";s:9:"path_base";s:64:"D:\Xampp\htdocs\tlcom\application\third_party\hybridauth\Hybrid/";s:14:"path_libraries";s:75:"D:\Xampp\htdocs\tlcom\application\third_party\hybridauth\Hybrid/thirdparty/";s:14:"path_resources";s:74:"D:\Xampp\htdocs\tlcom\application\third_party\hybridauth\Hybrid/resources/";s:14:"path_providers";s:74:"D:\Xampp\htdocs\tlcom\application\third_party\hybridauth\Hybrid/Providers/";}
DEBUG -- ::1 -- 2016-07-16T10:53:23+00:00 -- Hybrid_Auth initialize. dump current session:  -- 
INFO -- ::1 -- 2016-07-16T10:53:23+00:00 -- Hybrid_Auth initialize: check if any error is stored on the endpoint...
INFO -- ::1 -- 2016-07-16T10:53:23+00:00 -- Hybrid_Auth initialize: no error found. initialization succeed.
INFO -- ::1 -- 2016-07-16T10:53:27+00:00 -- Enter Hybrid_Auth::initialize()
INFO -- ::1 -- 2016-07-16T10:53:27+00:00 -- Hybrid_Auth::initialize(). PHP version: 5.6.21
INFO -- ::1 -- 2016-07-16T10:53:27+00:00 -- Hybrid_Auth::initialize(). Hybrid_Auth version: 2.6.0
INFO -- ::1 -- 2016-07-16T10:53:27+00:00 -- Hybrid_Auth::initialize(). Hybrid_Auth called from: http://localhost/tlcom/addpost
INFO -- ::1 -- 2016-07-16T10:53:27+00:00 -- PHP session.name diff from default PHPSESSID. http://php.net/manual/en/session.configuration.php#ini.session.name.
DEBUG -- ::1 -- 2016-07-16T10:53:27+00:00 -- Hybrid_Auth initialize. dump used config:  -- a:8:{s:8:"base_url";s:47:"http://localhost/tlcom/index.php/hauth/endpoint";s:9:"providers";a:10:{s:6:"OpenID";a:1:{s:7:"enabled";b:1;}s:5:"Yahoo";a:2:{s:7:"enabled";b:1;s:4:"keys";a:2:{s:2:"id";s:0:"";s:6:"secret";s:0:"";}}s:3:"AOL";a:1:{s:7:"enabled";b:1;}s:6:"Google";a:2:{s:7:"enabled";b:1;s:4:"keys";a:2:{s:2:"id";s:72:"827634131564-jshbhbb0gu9a5bj8a0c58n2qsdtmpbhp.apps.googleusercontent.com";s:6:"secret";s:24:"7ahyVursUX5BG3YTYOZ_Wsjn";}}s:8:"Facebook";a:2:{s:7:"enabled";b:1;s:4:"keys";a:2:{s:2:"id";s:15:"715618375246168";s:6:"secret";s:32:"176cfc7f1e2190ecdc38f041788baf29";}}s:7:"Twitter";a:2:{s:7:"enabled";b:1;s:4:"keys";a:2:{s:3:"key";s:25:"2HJ6Vw7xjn4AsgM4FS3oKAQe7";s:6:"secret";s:50:"K5bNQy93sc8grLBkd5VNd336sqLLnHtzbI7gJT4NHd9Og5ge5B";}}s:4:"Live";a:2:{s:7:"enabled";b:1;s:4:"keys";a:2:{s:2:"id";s:0:"";s:6:"secret";s:0:"";}}s:7:"MySpace";a:2:{s:7:"enabled";b:1;s:4:"keys";a:2:{s:3:"key";s:0:"";s:6:"secret";s:0:"";}}s:8:"LinkedIn";a:2:{s:7:"enabled";b:1;s:4:"keys";a:2:{s:3:"key";s:14:"752mjsq4ipxjfj";s:6:"secret";s:16:"72B1M6UQ2gGkXayD";}}s:10:"Foursquare";a:2:{s:7:"enabled";b:1;s:4:"keys";a:2:{s:2:"id";s:0:"";s:6:"secret";s:0:"";}}}s:10:"debug_mode";b:1;s:10:"debug_file";s:54:"D:\Xampp\htdocs\tlcom\application\/logs/hybridauth.log";s:9:"path_base";s:64:"D:\Xampp\htdocs\tlcom\application\third_party\hybridauth\Hybrid/";s:14:"path_libraries";s:75:"D:\Xampp\htdocs\tlcom\application\third_party\hybridauth\Hybrid/thirdparty/";s:14:"path_resources";s:74:"D:\Xampp\htdocs\tlcom\application\third_party\hybridauth\Hybrid/resources/";s:14:"path_providers";s:74:"D:\Xampp\htdocs\tlcom\application\third_party\hybridauth\Hybrid/Providers/";}
DEBUG -- ::1 -- 2016-07-16T10:53:27+00:00 -- Hybrid_Auth initialize. dump current session:  -- 
INFO -- ::1 -- 2016-07-16T10:53:27+00:00 -- Hybrid_Auth initialize: check if any error is stored on the endpoint...
INFO -- ::1 -- 2016-07-16T10:53:27+00:00 -- Hybrid_Auth initialize: no error found. initialization succeed.
INFO -- ::1 -- 2016-07-16T10:53:30+00:00 -- Enter Hybrid_Auth::initialize()
INFO -- ::1 -- 2016-07-16T10:53:30+00:00 -- Hybrid_Auth::initialize(). PHP version: 5.6.21
INFO -- ::1 -- 2016-07-16T10:53:30+00:00 -- Hybrid_Auth::initialize(). Hybrid_Auth version: 2.6.0
INFO -- ::1 -- 2016-07-16T10:53:30+00:00 -- Hybrid_Auth::initialize(). Hybrid_Auth called from: http://localhost/tlcom/dashboard
INFO -- ::1 -- 2016-07-16T10:53:30+00:00 -- PHP session.name diff from default PHPSESSID. http://php.net/manual/en/session.configuration.php#ini.session.name.
DEBUG -- ::1 -- 2016-07-16T10:53:30+00:00 -- Hybrid_Auth initialize. dump used config:  -- a:8:{s:8:"base_url";s:47:"http://localhost/tlcom/index.php/hauth/endpoint";s:9:"providers";a:10:{s:6:"OpenID";a:1:{s:7:"enabled";b:1;}s:5:"Yahoo";a:2:{s:7:"enabled";b:1;s:4:"keys";a:2:{s:2:"id";s:0:"";s:6:"secret";s:0:"";}}s:3:"AOL";a:1:{s:7:"enabled";b:1;}s:6:"Google";a:2:{s:7:"enabled";b:1;s:4:"keys";a:2:{s:2:"id";s:72:"827634131564-jshbhbb0gu9a5bj8a0c58n2qsdtmpbhp.apps.googleusercontent.com";s:6:"secret";s:24:"7ahyVursUX5BG3YTYOZ_Wsjn";}}s:8:"Facebook";a:2:{s:7:"enabled";b:1;s:4:"keys";a:2:{s:2:"id";s:15:"715618375246168";s:6:"secret";s:32:"176cfc7f1e2190ecdc38f041788baf29";}}s:7:"Twitter";a:2:{s:7:"enabled";b:1;s:4:"keys";a:2:{s:3:"key";s:25:"2HJ6Vw7xjn4AsgM4FS3oKAQe7";s:6:"secret";s:50:"K5bNQy93sc8grLBkd5VNd336sqLLnHtzbI7gJT4NHd9Og5ge5B";}}s:4:"Live";a:2:{s:7:"enabled";b:1;s:4:"keys";a:2:{s:2:"id";s:0:"";s:6:"secret";s:0:"";}}s:7:"MySpace";a:2:{s:7:"enabled";b:1;s:4:"keys";a:2:{s:3:"key";s:0:"";s:6:"secret";s:0:"";}}s:8:"LinkedIn";a:2:{s:7:"enabled";b:1;s:4:"keys";a:2:{s:3:"key";s:14:"752mjsq4ipxjfj";s:6:"secret";s:16:"72B1M6UQ2gGkXayD";}}s:10:"Foursquare";a:2:{s:7:"enabled";b:1;s:4:"keys";a:2:{s:2:"id";s:0:"";s:6:"secret";s:0:"";}}}s:10:"debug_mode";b:1;s:10:"debug_file";s:54:"D:\Xampp\htdocs\tlcom\application\/logs/hybridauth.log";s:9:"path_base";s:64:"D:\Xampp\htdocs\tlcom\application\third_party\hybridauth\Hybrid/";s:14:"path_libraries";s:75:"D:\Xampp\htdocs\tlcom\application\third_party\hybridauth\Hybrid/thirdparty/";s:14:"path_resources";s:74:"D:\Xampp\htdocs\tlcom\application\third_party\hybridauth\Hybrid/resources/";s:14:"path_providers";s:74:"D:\Xampp\htdocs\tlcom\application\third_party\hybridauth\Hybrid/Providers/";}
DEBUG -- ::1 -- 2016-07-16T10:53:30+00:00 -- Hybrid_Auth initialize. dump current session:  -- 
INFO -- ::1 -- 2016-07-16T10:53:30+00:00 -- Hybrid_Auth initialize: check if any error is stored on the endpoint...
INFO -- ::1 -- 2016-07-16T10:53:30+00:00 -- Hybrid_Auth initialize: no error found. initialization succeed.
INFO -- ::1 -- 2016-07-16T10:53:34+00:00 -- Enter Hybrid_Auth::initialize()
INFO -- ::1 -- 2016-07-16T10:53:34+00:00 -- Hybrid_Auth::initialize(). PHP version: 5.6.21
INFO -- ::1 -- 2016-07-16T10:53:34+00:00 -- Hybrid_Auth::initialize(). Hybrid_Auth version: 2.6.0
INFO -- ::1 -- 2016-07-16T10:53:34+00:00 -- Hybrid_Auth::initialize(). Hybrid_Auth called from: http://localhost/tlcom/dashboard
INFO -- ::1 -- 2016-07-16T10:53:34+00:00 -- PHP session.name diff from default PHPSESSID. http://php.net/manual/en/session.configuration.php#ini.session.name.
DEBUG -- ::1 -- 2016-07-16T10:53:34+00:00 -- Hybrid_Auth initialize. dump used config:  -- a:8:{s:8:"base_url";s:47:"http://localhost/tlcom/index.php/hauth/endpoint";s:9:"providers";a:10:{s:6:"OpenID";a:1:{s:7:"enabled";b:1;}s:5:"Yahoo";a:2:{s:7:"enabled";b:1;s:4:"keys";a:2:{s:2:"id";s:0:"";s:6:"secret";s:0:"";}}s:3:"AOL";a:1:{s:7:"enabled";b:1;}s:6:"Google";a:2:{s:7:"enabled";b:1;s:4:"keys";a:2:{s:2:"id";s:72:"827634131564-jshbhbb0gu9a5bj8a0c58n2qsdtmpbhp.apps.googleusercontent.com";s:6:"secret";s:24:"7ahyVursUX5BG3YTYOZ_Wsjn";}}s:8:"Facebook";a:2:{s:7:"enabled";b:1;s:4:"keys";a:2:{s:2:"id";s:15:"715618375246168";s:6:"secret";s:32:"176cfc7f1e2190ecdc38f041788baf29";}}s:7:"Twitter";a:2:{s:7:"enabled";b:1;s:4:"keys";a:2:{s:3:"key";s:25:"2HJ6Vw7xjn4AsgM4FS3oKAQe7";s:6:"secret";s:50:"K5bNQy93sc8grLBkd5VNd336sqLLnHtzbI7gJT4NHd9Og5ge5B";}}s:4:"Live";a:2:{s:7:"enabled";b:1;s:4:"keys";a:2:{s:2:"id";s:0:"";s:6:"secret";s:0:"";}}s:7:"MySpace";a:2:{s:7:"enabled";b:1;s:4:"keys";a:2:{s:3:"key";s:0:"";s:6:"secret";s:0:"";}}s:8:"LinkedIn";a:2:{s:7:"enabled";b:1;s:4:"keys";a:2:{s:3:"key";s:14:"752mjsq4ipxjfj";s:6:"secret";s:16:"72B1M6UQ2gGkXayD";}}s:10:"Foursquare";a:2:{s:7:"enabled";b:1;s:4:"keys";a:2:{s:2:"id";s:0:"";s:6:"secret";s:0:"";}}}s:10:"debug_mode";b:1;s:10:"debug_file";s:54:"D:\Xampp\htdocs\tlcom\application\/logs/hybridauth.log";s:9:"path_base";s:64:"D:\Xampp\htdocs\tlcom\application\third_party\hybridauth\Hybrid/";s:14:"path_libraries";s:75:"D:\Xampp\htdocs\tlcom\application\third_party\hybridauth\Hybrid/thirdparty/";s:14:"path_resources";s:74:"D:\Xampp\htdocs\tlcom\application\third_party\hybridauth\Hybrid/resources/";s:14:"path_providers";s:74:"D:\Xampp\htdocs\tlcom\application\third_party\hybridauth\Hybrid/Providers/";}
DEBUG -- ::1 -- 2016-07-16T10:53:34+00:00 -- Hybrid_Auth initialize. dump current session:  -- 
INFO -- ::1 -- 2016-07-16T10:53:34+00:00 -- Hybrid_Auth initialize: check if any error is stored on the endpoint...
INFO -- ::1 -- 2016-07-16T10:53:34+00:00 -- Hybrid_Auth initialize: no error found. initialization succeed.
INFO -- ::1 -- 2016-07-16T10:55:20+00:00 -- Enter Hybrid_Auth::initialize()
INFO -- ::1 -- 2016-07-16T10:55:20+00:00 -- Hybrid_Auth::initialize(). PHP version: 5.6.21
INFO -- ::1 -- 2016-07-16T10:55:20+00:00 -- Hybrid_Auth::initialize(). Hybrid_Auth version: 2.6.0
INFO -- ::1 -- 2016-07-16T10:55:20+00:00 -- Hybrid_Auth::initialize(). Hybrid_Auth called from: http://localhost/tlcom/dashboard
INFO -- ::1 -- 2016-07-16T10:55:20+00:00 -- PHP session.name diff from default PHPSESSID. http://php.net/manual/en/session.configuration.php#ini.session.name.
DEBUG -- ::1 -- 2016-07-16T10:55:20+00:00 -- Hybrid_Auth initialize. dump used config:  -- a:8:{s:8:"base_url";s:47:"http://localhost/tlcom/index.php/hauth/endpoint";s:9:"providers";a:10:{s:6:"OpenID";a:1:{s:7:"enabled";b:1;}s:5:"Yahoo";a:2:{s:7:"enabled";b:1;s:4:"keys";a:2:{s:2:"id";s:0:"";s:6:"secret";s:0:"";}}s:3:"AOL";a:1:{s:7:"enabled";b:1;}s:6:"Google";a:2:{s:7:"enabled";b:1;s:4:"keys";a:2:{s:2:"id";s:72:"827634131564-jshbhbb0gu9a5bj8a0c58n2qsdtmpbhp.apps.googleusercontent.com";s:6:"secret";s:24:"7ahyVursUX5BG3YTYOZ_Wsjn";}}s:8:"Facebook";a:2:{s:7:"enabled";b:1;s:4:"keys";a:2:{s:2:"id";s:15:"715618375246168";s:6:"secret";s:32:"176cfc7f1e2190ecdc38f041788baf29";}}s:7:"Twitter";a:2:{s:7:"enabled";b:1;s:4:"keys";a:2:{s:3:"key";s:25:"2HJ6Vw7xjn4AsgM4FS3oKAQe7";s:6:"secret";s:50:"K5bNQy93sc8grLBkd5VNd336sqLLnHtzbI7gJT4NHd9Og5ge5B";}}s:4:"Live";a:2:{s:7:"enabled";b:1;s:4:"keys";a:2:{s:2:"id";s:0:"";s:6:"secret";s:0:"";}}s:7:"MySpace";a:2:{s:7:"enabled";b:1;s:4:"keys";a:2:{s:3:"key";s:0:"";s:6:"secret";s:0:"";}}s:8:"LinkedIn";a:2:{s:7:"enabled";b:1;s:4:"keys";a:2:{s:3:"key";s:14:"752mjsq4ipxjfj";s:6:"secret";s:16:"72B1M6UQ2gGkXayD";}}s:10:"Foursquare";a:2:{s:7:"enabled";b:1;s:4:"keys";a:2:{s:2:"id";s:0:"";s:6:"secret";s:0:"";}}}s:10:"debug_mode";b:1;s:10:"debug_file";s:54:"D:\Xampp\htdocs\tlcom\application\/logs/hybridauth.log";s:9:"path_base";s:64:"D:\Xampp\htdocs\tlcom\application\third_party\hybridauth\Hybrid/";s:14:"path_libraries";s:75:"D:\Xampp\htdocs\tlcom\application\third_party\hybridauth\Hybrid/thirdparty/";s:14:"path_resources";s:74:"D:\Xampp\htdocs\tlcom\application\third_party\hybridauth\Hybrid/resources/";s:14:"path_providers";s:74:"D:\Xampp\htdocs\tlcom\application\third_party\hybridauth\Hybrid/Providers/";}
DEBUG -- ::1 -- 2016-07-16T10:55:20+00:00 -- Hybrid_Auth initialize. dump current session:  -- 
INFO -- ::1 -- 2016-07-16T10:55:20+00:00 -- Hybrid_Auth initialize: check if any error is stored on the endpoint...
INFO -- ::1 -- 2016-07-16T10:55:20+00:00 -- Hybrid_Auth initialize: no error found. initialization succeed.
INFO -- ::1 -- 2016-07-16T10:57:55+00:00 -- Enter Hybrid_Auth::initialize()
INFO -- ::1 -- 2016-07-16T10:57:55+00:00 -- Hybrid_Auth::initialize(). PHP version: 5.6.21
INFO -- ::1 -- 2016-07-16T10:57:55+00:00 -- Hybrid_Auth::initialize(). Hybrid_Auth version: 2.6.0
INFO -- ::1 -- 2016-07-16T10:57:55+00:00 -- Hybrid_Auth::initialize(). Hybrid_Auth called from: http://localhost/tlcom/dashboard
INFO -- ::1 -- 2016-07-16T10:57:55+00:00 -- PHP session.name diff from default PHPSESSID. http://php.net/manual/en/session.configuration.php#ini.session.name.
DEBUG -- ::1 -- 2016-07-16T10:57:55+00:00 -- Hybrid_Auth initialize. dump used config:  -- a:8:{s:8:"base_url";s:47:"http://localhost/tlcom/index.php/hauth/endpoint";s:9:"providers";a:10:{s:6:"OpenID";a:1:{s:7:"enabled";b:1;}s:5:"Yahoo";a:2:{s:7:"enabled";b:1;s:4:"keys";a:2:{s:2:"id";s:0:"";s:6:"secret";s:0:"";}}s:3:"AOL";a:1:{s:7:"enabled";b:1;}s:6:"Google";a:2:{s:7:"enabled";b:1;s:4:"keys";a:2:{s:2:"id";s:72:"827634131564-jshbhbb0gu9a5bj8a0c58n2qsdtmpbhp.apps.googleusercontent.com";s:6:"secret";s:24:"7ahyVursUX5BG3YTYOZ_Wsjn";}}s:8:"Facebook";a:2:{s:7:"enabled";b:1;s:4:"keys";a:2:{s:2:"id";s:15:"715618375246168";s:6:"secret";s:32:"176cfc7f1e2190ecdc38f041788baf29";}}s:7:"Twitter";a:2:{s:7:"enabled";b:1;s:4:"keys";a:2:{s:3:"key";s:25:"2HJ6Vw7xjn4AsgM4FS3oKAQe7";s:6:"secret";s:50:"K5bNQy93sc8grLBkd5VNd336sqLLnHtzbI7gJT4NHd9Og5ge5B";}}s:4:"Live";a:2:{s:7:"enabled";b:1;s:4:"keys";a:2:{s:2:"id";s:0:"";s:6:"secret";s:0:"";}}s:7:"MySpace";a:2:{s:7:"enabled";b:1;s:4:"keys";a:2:{s:3:"key";s:0:"";s:6:"secret";s:0:"";}}s:8:"LinkedIn";a:2:{s:7:"enabled";b:1;s:4:"keys";a:2:{s:3:"key";s:14:"752mjsq4ipxjfj";s:6:"secret";s:16:"72B1M6UQ2gGkXayD";}}s:10:"Foursquare";a:2:{s:7:"enabled";b:1;s:4:"keys";a:2:{s:2:"id";s:0:"";s:6:"secret";s:0:"";}}}s:10:"debug_mode";b:1;s:10:"debug_file";s:54:"D:\Xampp\htdocs\tlcom\application\/logs/hybridauth.log";s:9:"path_base";s:64:"D:\Xampp\htdocs\tlcom\application\third_party\hybridauth\Hybrid/";s:14:"path_libraries";s:75:"D:\Xampp\htdocs\tlcom\application\third_party\hybridauth\Hybrid/thirdparty/";s:14:"path_resources";s:74:"D:\Xampp\htdocs\tlcom\application\third_party\hybridauth\Hybrid/resources/";s:14:"path_providers";s:74:"D:\Xampp\htdocs\tlcom\application\third_party\hybridauth\Hybrid/Providers/";}
DEBUG -- ::1 -- 2016-07-16T10:57:55+00:00 -- Hybrid_Auth initialize. dump current session:  -- 
INFO -- ::1 -- 2016-07-16T10:57:55+00:00 -- Hybrid_Auth initialize: check if any error is stored on the endpoint...
INFO -- ::1 -- 2016-07-16T10:57:55+00:00 -- Hybrid_Auth initialize: no error found. initialization succeed.
