INFO -- ::1 -- 2016-10-05T07:30:13+00:00 -- Enter Hybrid_Auth::initialize()
INFO -- ::1 -- 2016-10-05T07:30:13+00:00 -- Hybrid_Auth::initialize(). PHP version: 7.0.1
INFO -- ::1 -- 2016-10-05T07:30:13+00:00 -- Hybrid_Auth::initialize(). Hybrid_Auth version: 2.6.0
INFO -- ::1 -- 2016-10-05T07:30:13+00:00 -- Hybrid_Auth::initialize(). Hybrid_Auth called from: http://localhost/style/dashboard
INFO -- ::1 -- 2016-10-05T07:30:13+00:00 -- PHP session.name diff from default PHPSESSID. http://php.net/manual/en/session.configuration.php#ini.session.name.
DEBUG -- ::1 -- 2016-10-05T07:30:13+00:00 -- Hybrid_Auth initialize. dump used config:  -- a:8:{s:8:"base_url";s:47:"http://localhost/style/index.php/hauth/endpoint";s:9:"providers";a:10:{s:6:"OpenID";a:1:{s:7:"enabled";b:1;}s:5:"Yahoo";a:2:{s:7:"enabled";b:1;s:4:"keys";a:2:{s:2:"id";s:0:"";s:6:"secret";s:0:"";}}s:3:"AOL";a:1:{s:7:"enabled";b:1;}s:6:"Google";a:2:{s:7:"enabled";b:1;s:4:"keys";a:2:{s:2:"id";s:72:"827634131564-jshbhbb0gu9a5bj8a0c58n2qsdtmpbhp.apps.googleusercontent.com";s:6:"secret";s:24:"7ahyVursUX5BG3YTYOZ_Wsjn";}}s:8:"Facebook";a:2:{s:7:"enabled";b:1;s:4:"keys";a:2:{s:2:"id";s:15:"715618375246168";s:6:"secret";s:32:"176cfc7f1e2190ecdc38f041788baf29";}}s:7:"Twitter";a:2:{s:7:"enabled";b:1;s:4:"keys";a:2:{s:3:"key";s:25:"2HJ6Vw7xjn4AsgM4FS3oKAQe7";s:6:"secret";s:50:"K5bNQy93sc8grLBkd5VNd336sqLLnHtzbI7gJT4NHd9Og5ge5B";}}s:4:"Live";a:2:{s:7:"enabled";b:1;s:4:"keys";a:2:{s:2:"id";s:0:"";s:6:"secret";s:0:"";}}s:7:"MySpace";a:2:{s:7:"enabled";b:1;s:4:"keys";a:2:{s:3:"key";s:0:"";s:6:"secret";s:0:"";}}s:8:"LinkedIn";a:2:{s:7:"enabled";b:1;s:4:"keys";a:2:{s:3:"key";s:14:"752mjsq4ipxjfj";s:6:"secret";s:16:"72B1M6UQ2gGkXayD";}}s:10:"Foursquare";a:2:{s:7:"enabled";b:1;s:4:"keys";a:2:{s:2:"id";s:0:"";s:6:"secret";s:0:"";}}}s:10:"debug_mode";b:1;s:10:"debug_file";s:54:"D:\xampp\htdocs\style\application\/logs/hybridauth.log";s:9:"path_base";s:64:"D:\xampp\htdocs\style\application\third_party\hybridauth\Hybrid/";s:14:"path_libraries";s:75:"D:\xampp\htdocs\style\application\third_party\hybridauth\Hybrid/thirdparty/";s:14:"path_resources";s:74:"D:\xampp\htdocs\style\application\third_party\hybridauth\Hybrid/resources/";s:14:"path_providers";s:74:"D:\xampp\htdocs\style\application\third_party\hybridauth\Hybrid/Providers/";}
DEBUG -- ::1 -- 2016-10-05T07:30:13+00:00 -- Hybrid_Auth initialize. dump current session:  -- 
INFO -- ::1 -- 2016-10-05T07:30:13+00:00 -- Hybrid_Auth initialize: check if any error is stored on the endpoint...
INFO -- ::1 -- 2016-10-05T07:30:13+00:00 -- Hybrid_Auth initialize: no error found. initialization succeed.
INFO -- ::1 -- 2016-10-05T09:04:07+00:00 -- Enter Hybrid_Auth::initialize()
INFO -- ::1 -- 2016-10-05T09:04:07+00:00 -- Hybrid_Auth::initialize(). PHP version: 7.0.1
INFO -- ::1 -- 2016-10-05T09:04:07+00:00 -- Hybrid_Auth::initialize(). Hybrid_Auth version: 2.6.0
INFO -- ::1 -- 2016-10-05T09:04:07+00:00 -- Hybrid_Auth::initialize(). Hybrid_Auth called from: http://localhost/style/dashboard
INFO -- ::1 -- 2016-10-05T09:04:07+00:00 -- PHP session.name diff from default PHPSESSID. http://php.net/manual/en/session.configuration.php#ini.session.name.
DEBUG -- ::1 -- 2016-10-05T09:04:07+00:00 -- Hybrid_Auth initialize. dump used config:  -- a:8:{s:8:"base_url";s:47:"http://localhost/style/index.php/hauth/endpoint";s:9:"providers";a:10:{s:6:"OpenID";a:1:{s:7:"enabled";b:1;}s:5:"Yahoo";a:2:{s:7:"enabled";b:1;s:4:"keys";a:2:{s:2:"id";s:0:"";s:6:"secret";s:0:"";}}s:3:"AOL";a:1:{s:7:"enabled";b:1;}s:6:"Google";a:2:{s:7:"enabled";b:1;s:4:"keys";a:2:{s:2:"id";s:72:"827634131564-jshbhbb0gu9a5bj8a0c58n2qsdtmpbhp.apps.googleusercontent.com";s:6:"secret";s:24:"7ahyVursUX5BG3YTYOZ_Wsjn";}}s:8:"Facebook";a:2:{s:7:"enabled";b:1;s:4:"keys";a:2:{s:2:"id";s:15:"715618375246168";s:6:"secret";s:32:"176cfc7f1e2190ecdc38f041788baf29";}}s:7:"Twitter";a:2:{s:7:"enabled";b:1;s:4:"keys";a:2:{s:3:"key";s:25:"2HJ6Vw7xjn4AsgM4FS3oKAQe7";s:6:"secret";s:50:"K5bNQy93sc8grLBkd5VNd336sqLLnHtzbI7gJT4NHd9Og5ge5B";}}s:4:"Live";a:2:{s:7:"enabled";b:1;s:4:"keys";a:2:{s:2:"id";s:0:"";s:6:"secret";s:0:"";}}s:7:"MySpace";a:2:{s:7:"enabled";b:1;s:4:"keys";a:2:{s:3:"key";s:0:"";s:6:"secret";s:0:"";}}s:8:"LinkedIn";a:2:{s:7:"enabled";b:1;s:4:"keys";a:2:{s:3:"key";s:14:"752mjsq4ipxjfj";s:6:"secret";s:16:"72B1M6UQ2gGkXayD";}}s:10:"Foursquare";a:2:{s:7:"enabled";b:1;s:4:"keys";a:2:{s:2:"id";s:0:"";s:6:"secret";s:0:"";}}}s:10:"debug_mode";b:1;s:10:"debug_file";s:54:"D:\xampp\htdocs\style\application\/logs/hybridauth.log";s:9:"path_base";s:64:"D:\xampp\htdocs\style\application\third_party\hybridauth\Hybrid/";s:14:"path_libraries";s:75:"D:\xampp\htdocs\style\application\third_party\hybridauth\Hybrid/thirdparty/";s:14:"path_resources";s:74:"D:\xampp\htdocs\style\application\third_party\hybridauth\Hybrid/resources/";s:14:"path_providers";s:74:"D:\xampp\htdocs\style\application\third_party\hybridauth\Hybrid/Providers/";}
DEBUG -- ::1 -- 2016-10-05T09:04:07+00:00 -- Hybrid_Auth initialize. dump current session:  -- 
INFO -- ::1 -- 2016-10-05T09:04:07+00:00 -- Hybrid_Auth initialize: check if any error is stored on the endpoint...
INFO -- ::1 -- 2016-10-05T09:04:07+00:00 -- Hybrid_Auth initialize: no error found. initialization succeed.
INFO -- ::1 -- 2016-10-05T11:47:43+00:00 -- Enter Hybrid_Auth::initialize()
INFO -- ::1 -- 2016-10-05T11:47:43+00:00 -- Hybrid_Auth::initialize(). PHP version: 7.0.1
INFO -- ::1 -- 2016-10-05T11:47:43+00:00 -- Hybrid_Auth::initialize(). Hybrid_Auth version: 2.6.0
INFO -- ::1 -- 2016-10-05T11:47:43+00:00 -- Hybrid_Auth::initialize(). Hybrid_Auth called from: http://localhost/style/addpost
INFO -- ::1 -- 2016-10-05T11:47:43+00:00 -- PHP session.name diff from default PHPSESSID. http://php.net/manual/en/session.configuration.php#ini.session.name.
DEBUG -- ::1 -- 2016-10-05T11:47:43+00:00 -- Hybrid_Auth initialize. dump used config:  -- a:8:{s:8:"base_url";s:47:"http://localhost/style/index.php/hauth/endpoint";s:9:"providers";a:10:{s:6:"OpenID";a:1:{s:7:"enabled";b:1;}s:5:"Yahoo";a:2:{s:7:"enabled";b:1;s:4:"keys";a:2:{s:2:"id";s:0:"";s:6:"secret";s:0:"";}}s:3:"AOL";a:1:{s:7:"enabled";b:1;}s:6:"Google";a:2:{s:7:"enabled";b:1;s:4:"keys";a:2:{s:2:"id";s:72:"827634131564-jshbhbb0gu9a5bj8a0c58n2qsdtmpbhp.apps.googleusercontent.com";s:6:"secret";s:24:"7ahyVursUX5BG3YTYOZ_Wsjn";}}s:8:"Facebook";a:2:{s:7:"enabled";b:1;s:4:"keys";a:2:{s:2:"id";s:15:"715618375246168";s:6:"secret";s:32:"176cfc7f1e2190ecdc38f041788baf29";}}s:7:"Twitter";a:2:{s:7:"enabled";b:1;s:4:"keys";a:2:{s:3:"key";s:25:"2HJ6Vw7xjn4AsgM4FS3oKAQe7";s:6:"secret";s:50:"K5bNQy93sc8grLBkd5VNd336sqLLnHtzbI7gJT4NHd9Og5ge5B";}}s:4:"Live";a:2:{s:7:"enabled";b:1;s:4:"keys";a:2:{s:2:"id";s:0:"";s:6:"secret";s:0:"";}}s:7:"MySpace";a:2:{s:7:"enabled";b:1;s:4:"keys";a:2:{s:3:"key";s:0:"";s:6:"secret";s:0:"";}}s:8:"LinkedIn";a:2:{s:7:"enabled";b:1;s:4:"keys";a:2:{s:3:"key";s:14:"752mjsq4ipxjfj";s:6:"secret";s:16:"72B1M6UQ2gGkXayD";}}s:10:"Foursquare";a:2:{s:7:"enabled";b:1;s:4:"keys";a:2:{s:2:"id";s:0:"";s:6:"secret";s:0:"";}}}s:10:"debug_mode";b:1;s:10:"debug_file";s:54:"D:\xampp\htdocs\style\application\/logs/hybridauth.log";s:9:"path_base";s:64:"D:\xampp\htdocs\style\application\third_party\hybridauth\Hybrid/";s:14:"path_libraries";s:75:"D:\xampp\htdocs\style\application\third_party\hybridauth\Hybrid/thirdparty/";s:14:"path_resources";s:74:"D:\xampp\htdocs\style\application\third_party\hybridauth\Hybrid/resources/";s:14:"path_providers";s:74:"D:\xampp\htdocs\style\application\third_party\hybridauth\Hybrid/Providers/";}
DEBUG -- ::1 -- 2016-10-05T11:47:43+00:00 -- Hybrid_Auth initialize. dump current session:  -- 
INFO -- ::1 -- 2016-10-05T11:47:43+00:00 -- Hybrid_Auth initialize: check if any error is stored on the endpoint...
INFO -- ::1 -- 2016-10-05T11:47:43+00:00 -- Hybrid_Auth initialize: no error found. initialization succeed.
INFO -- ::1 -- 2016-10-05T11:48:28+00:00 -- Enter Hybrid_Auth::initialize()
INFO -- ::1 -- 2016-10-05T11:48:28+00:00 -- Hybrid_Auth::initialize(). PHP version: 7.0.1
INFO -- ::1 -- 2016-10-05T11:48:28+00:00 -- Hybrid_Auth::initialize(). Hybrid_Auth version: 2.6.0
INFO -- ::1 -- 2016-10-05T11:48:28+00:00 -- Hybrid_Auth::initialize(). Hybrid_Auth called from: http://localhost/style/addpost
INFO -- ::1 -- 2016-10-05T11:48:28+00:00 -- PHP session.name diff from default PHPSESSID. http://php.net/manual/en/session.configuration.php#ini.session.name.
DEBUG -- ::1 -- 2016-10-05T11:48:28+00:00 -- Hybrid_Auth initialize. dump used config:  -- a:8:{s:8:"base_url";s:47:"http://localhost/style/index.php/hauth/endpoint";s:9:"providers";a:10:{s:6:"OpenID";a:1:{s:7:"enabled";b:1;}s:5:"Yahoo";a:2:{s:7:"enabled";b:1;s:4:"keys";a:2:{s:2:"id";s:0:"";s:6:"secret";s:0:"";}}s:3:"AOL";a:1:{s:7:"enabled";b:1;}s:6:"Google";a:2:{s:7:"enabled";b:1;s:4:"keys";a:2:{s:2:"id";s:72:"827634131564-jshbhbb0gu9a5bj8a0c58n2qsdtmpbhp.apps.googleusercontent.com";s:6:"secret";s:24:"7ahyVursUX5BG3YTYOZ_Wsjn";}}s:8:"Facebook";a:2:{s:7:"enabled";b:1;s:4:"keys";a:2:{s:2:"id";s:15:"715618375246168";s:6:"secret";s:32:"176cfc7f1e2190ecdc38f041788baf29";}}s:7:"Twitter";a:2:{s:7:"enabled";b:1;s:4:"keys";a:2:{s:3:"key";s:25:"2HJ6Vw7xjn4AsgM4FS3oKAQe7";s:6:"secret";s:50:"K5bNQy93sc8grLBkd5VNd336sqLLnHtzbI7gJT4NHd9Og5ge5B";}}s:4:"Live";a:2:{s:7:"enabled";b:1;s:4:"keys";a:2:{s:2:"id";s:0:"";s:6:"secret";s:0:"";}}s:7:"MySpace";a:2:{s:7:"enabled";b:1;s:4:"keys";a:2:{s:3:"key";s:0:"";s:6:"secret";s:0:"";}}s:8:"LinkedIn";a:2:{s:7:"enabled";b:1;s:4:"keys";a:2:{s:3:"key";s:14:"752mjsq4ipxjfj";s:6:"secret";s:16:"72B1M6UQ2gGkXayD";}}s:10:"Foursquare";a:2:{s:7:"enabled";b:1;s:4:"keys";a:2:{s:2:"id";s:0:"";s:6:"secret";s:0:"";}}}s:10:"debug_mode";b:1;s:10:"debug_file";s:54:"D:\xampp\htdocs\style\application\/logs/hybridauth.log";s:9:"path_base";s:64:"D:\xampp\htdocs\style\application\third_party\hybridauth\Hybrid/";s:14:"path_libraries";s:75:"D:\xampp\htdocs\style\application\third_party\hybridauth\Hybrid/thirdparty/";s:14:"path_resources";s:74:"D:\xampp\htdocs\style\application\third_party\hybridauth\Hybrid/resources/";s:14:"path_providers";s:74:"D:\xampp\htdocs\style\application\third_party\hybridauth\Hybrid/Providers/";}
DEBUG -- ::1 -- 2016-10-05T11:48:28+00:00 -- Hybrid_Auth initialize. dump current session:  -- 
INFO -- ::1 -- 2016-10-05T11:48:28+00:00 -- Hybrid_Auth initialize: check if any error is stored on the endpoint...
INFO -- ::1 -- 2016-10-05T11:48:28+00:00 -- Hybrid_Auth initialize: no error found. initialization succeed.
INFO -- ::1 -- 2016-10-05T11:49:14+00:00 -- Enter Hybrid_Auth::initialize()
INFO -- ::1 -- 2016-10-05T11:49:14+00:00 -- Hybrid_Auth::initialize(). PHP version: 7.0.1
INFO -- ::1 -- 2016-10-05T11:49:14+00:00 -- Hybrid_Auth::initialize(). Hybrid_Auth version: 2.6.0
INFO -- ::1 -- 2016-10-05T11:49:14+00:00 -- Hybrid_Auth::initialize(). Hybrid_Auth called from: http://localhost/style/addpost
INFO -- ::1 -- 2016-10-05T11:49:14+00:00 -- PHP session.name diff from default PHPSESSID. http://php.net/manual/en/session.configuration.php#ini.session.name.
DEBUG -- ::1 -- 2016-10-05T11:49:14+00:00 -- Hybrid_Auth initialize. dump used config:  -- a:8:{s:8:"base_url";s:47:"http://localhost/style/index.php/hauth/endpoint";s:9:"providers";a:10:{s:6:"OpenID";a:1:{s:7:"enabled";b:1;}s:5:"Yahoo";a:2:{s:7:"enabled";b:1;s:4:"keys";a:2:{s:2:"id";s:0:"";s:6:"secret";s:0:"";}}s:3:"AOL";a:1:{s:7:"enabled";b:1;}s:6:"Google";a:2:{s:7:"enabled";b:1;s:4:"keys";a:2:{s:2:"id";s:72:"827634131564-jshbhbb0gu9a5bj8a0c58n2qsdtmpbhp.apps.googleusercontent.com";s:6:"secret";s:24:"7ahyVursUX5BG3YTYOZ_Wsjn";}}s:8:"Facebook";a:2:{s:7:"enabled";b:1;s:4:"keys";a:2:{s:2:"id";s:15:"715618375246168";s:6:"secret";s:32:"176cfc7f1e2190ecdc38f041788baf29";}}s:7:"Twitter";a:2:{s:7:"enabled";b:1;s:4:"keys";a:2:{s:3:"key";s:25:"2HJ6Vw7xjn4AsgM4FS3oKAQe7";s:6:"secret";s:50:"K5bNQy93sc8grLBkd5VNd336sqLLnHtzbI7gJT4NHd9Og5ge5B";}}s:4:"Live";a:2:{s:7:"enabled";b:1;s:4:"keys";a:2:{s:2:"id";s:0:"";s:6:"secret";s:0:"";}}s:7:"MySpace";a:2:{s:7:"enabled";b:1;s:4:"keys";a:2:{s:3:"key";s:0:"";s:6:"secret";s:0:"";}}s:8:"LinkedIn";a:2:{s:7:"enabled";b:1;s:4:"keys";a:2:{s:3:"key";s:14:"752mjsq4ipxjfj";s:6:"secret";s:16:"72B1M6UQ2gGkXayD";}}s:10:"Foursquare";a:2:{s:7:"enabled";b:1;s:4:"keys";a:2:{s:2:"id";s:0:"";s:6:"secret";s:0:"";}}}s:10:"debug_mode";b:1;s:10:"debug_file";s:54:"D:\xampp\htdocs\style\application\/logs/hybridauth.log";s:9:"path_base";s:64:"D:\xampp\htdocs\style\application\third_party\hybridauth\Hybrid/";s:14:"path_libraries";s:75:"D:\xampp\htdocs\style\application\third_party\hybridauth\Hybrid/thirdparty/";s:14:"path_resources";s:74:"D:\xampp\htdocs\style\application\third_party\hybridauth\Hybrid/resources/";s:14:"path_providers";s:74:"D:\xampp\htdocs\style\application\third_party\hybridauth\Hybrid/Providers/";}
DEBUG -- ::1 -- 2016-10-05T11:49:14+00:00 -- Hybrid_Auth initialize. dump current session:  -- 
INFO -- ::1 -- 2016-10-05T11:49:14+00:00 -- Hybrid_Auth initialize: check if any error is stored on the endpoint...
INFO -- ::1 -- 2016-10-05T11:49:14+00:00 -- Hybrid_Auth initialize: no error found. initialization succeed.
